"../../../Engine/Content/EditorResources/S_Actor.uasset" 0
"../../../Engine/Content/EditorResources/S_Actor.uexp" 1
"../../../Engine/Content/EditorResources/S_BoxReflectionCapture.uasset" 2
"../../../Engine/Content/EditorResources/S_BoxReflectionCapture.uexp" 3
"../../../Engine/Content/EngineResources/DefaultTexture.uasset" 4
"../../../Engine/Content/EngineResources/DefaultTexture.uexp" 5
"../../../Engine/Content/EngineResources/DefaultTextureCube.uasset" 6
"../../../Engine/Content/EngineResources/DefaultTextureCube.uexp" 7
"../../../Engine/Content/EngineResources/DefaultVolumeTexture2D.uasset" 8
"../../../Engine/Content/EngineResources/DefaultVolumeTexture2D.uexp" 9
"../../../Engine/Content/EngineResources/DefaultVolumeTexture.uasset" 10
"../../../Engine/Content/EngineResources/DefaultVolumeTexture.uexp" 11
"../../../Engine/Content/EditorResources/S_Trigger.uasset" 12
"../../../Engine/Content/EditorResources/S_Trigger.uexp" 13
"../../../Engine/Content/EditorResources/S_TriggerBox.uasset" 14
"../../../Engine/Content/EditorResources/S_TriggerBox.uexp" 15
"../../../Engine/Content/EditorResources/S_TriggerCapsule.uasset" 16
"../../../Engine/Content/EditorResources/S_TriggerCapsule.uexp" 17
"../../../Engine/Content/EditorResources/S_TriggerSphere.uasset" 18
"../../../Engine/Content/EditorResources/S_TriggerSphere.uexp" 19
"../../../Engine/Content/EngineMeshes/Sphere.uasset" 20
"../../../Engine/Content/EngineMeshes/Sphere.uexp" 21
"../../../Engine/Content/EngineResources/GradientTexture0.uasset" 22
"../../../Engine/Content/EngineResources/GradientTexture0.uexp" 23
"../../../Engine/Content/EngineResources/Black.uasset" 24
"../../../Engine/Content/EngineResources/Black.uexp" 25
"../../../Engine/Content/VREditor/LaserPointer/VR_LaserPower_01.uasset" 26
"../../../Engine/Content/VREditor/LaserPointer/VR_LaserPower_01.uexp" 27
"../../../Engine/Content/VREditor/TransformGizmo/TransformGizmoMaterial.uasset" 28
"../../../Engine/Content/VREditor/TransformGizmo/TransformGizmoMaterial.uexp" 29
"../../../Engine/Content/VREditor/TransformGizmo/TranslucentTransformGizmoMaterial.uasset" 30
"../../../Engine/Content/VREditor/TransformGizmo/TranslucentTransformGizmoMaterial.uexp" 31
"../../../Engine/Content/VREditor/TransformGizmo/PlaneTranslationHandle.uasset" 32
"../../../Engine/Content/VREditor/TransformGizmo/PlaneTranslationHandle.uexp" 33
"../../../Engine/Content/VREditor/TransformGizmo/BoundingBoxCorner.uasset" 34
"../../../Engine/Content/VREditor/TransformGizmo/BoundingBoxCorner.uexp" 35
"../../../Engine/Content/VREditor/TransformGizmo/BoundingBoxEdge.uasset" 36
"../../../Engine/Content/VREditor/TransformGizmo/BoundingBoxEdge.uexp" 37
"../../../Engine/Content/VREditor/TransformGizmo/Main.uasset" 38
"../../../Engine/Content/VREditor/TransformGizmo/Main.uexp" 39
"../../../Engine/Content/VREditor/TransformGizmo/Xray.uasset" 40
"../../../Engine/Content/VREditor/TransformGizmo/Xray.uexp" 41
"../../../Engine/Content/VREditor/TransformGizmo/SM_Sequencer_Node.uasset" 42
"../../../Engine/Content/VREditor/TransformGizmo/SM_Sequencer_Node.uexp" 43
"../../../Engine/Content/EditorMaterials/Camera/CineMat.uasset" 44
"../../../Engine/Content/EditorMaterials/Camera/CineMat.uexp" 45
"../../../Engine/Content/EditorMaterials/Camera/MI_CineMat_Rig.uasset" 46
"../../../Engine/Content/EditorMaterials/Camera/MI_CineMat_Rig.uexp" 47
"../../../Engine/Content/EditorMeshes/Camera/SM_CraneRig_Base.uasset" 48
"../../../Engine/Content/EditorMeshes/Camera/SM_CraneRig_Base.uexp" 49
"../../../Engine/Content/EditorMeshes/Camera/SM_CraneRig_Arm.uasset" 50
"../../../Engine/Content/EditorMeshes/Camera/SM_CraneRig_Arm.uexp" 51
"../../../Engine/Content/EditorMeshes/Camera/SM_CraneRig_Mount.uasset" 52
"../../../Engine/Content/EditorMeshes/Camera/SM_CraneRig_Mount.uexp" 53
"../../../Engine/Content/EditorMeshes/Camera/SM_CraneRig_Body.uasset" 54
"../../../Engine/Content/EditorMeshes/Camera/SM_CraneRig_Body.uexp" 55
"../../../Engine/Content/EditorMeshes/Camera/SM_RailRig_Track.uasset" 56
"../../../Engine/Content/EditorMeshes/Camera/SM_RailRig_Track.uexp" 57
"../../../Engine/Content/EditorMeshes/Camera/SM_RailRig_Mount.uasset" 58
"../../../Engine/Content/EditorMeshes/Camera/SM_RailRig_Mount.uexp" 59
"../../../Engine/Content/EngineMaterials/T_Default_Material_Grid_M.uasset" 60
"../../../Engine/Content/EngineMaterials/T_Default_Material_Grid_M.uexp" 61
"../../../Engine/Content/EngineMaterials/T_Default_Material_Grid_N.uasset" 62
"../../../Engine/Content/EngineMaterials/T_Default_Material_Grid_N.uexp" 63
"../../../Engine/Content/Functions/Engine_MaterialFunctions01/Opacity/CameraDepthFade.uasset" 64
"../../../Engine/Content/Functions/Engine_MaterialFunctions01/Opacity/CameraDepthFade.uexp" 65
"../../../Engine/Content/EngineMaterials/WorldGridMaterial.uasset" 66
"../../../Engine/Content/EngineMaterials/WorldGridMaterial.uexp" 67
"../../../Engine/Content/ArtTools/RenderToTexture/Meshes/S_1_Unit_Plane.uasset" 68
"../../../Engine/Content/ArtTools/RenderToTexture/Meshes/S_1_Unit_Plane.uexp" 69
"../../../Engine/Content/EditorMaterials/ParticleSystems/PSysThumbnail_NoImage.uasset" 70
"../../../Engine/Content/EditorMaterials/ParticleSystems/PSysThumbnail_NoImage.uexp" 71
"../../../Engine/Content/EditorMaterials/ParticleSystems/PSysThumbnail_OOD.uasset" 72
"../../../Engine/Content/EditorMaterials/ParticleSystems/PSysThumbnail_OOD.uexp" 73
"../../../Engine/Content/EditorLandscapeResources/SplineEditorMeshMat.uasset" 74
"../../../Engine/Content/EditorLandscapeResources/SplineEditorMeshMat.uexp" 75
"../../../Engine/Content/EditorLandscapeResources/SplineEditorMesh.uasset" 76
"../../../Engine/Content/EditorLandscapeResources/SplineEditorMesh.uexp" 77
"../../../Engine/Content/EditorMeshes/EditorSphere.uasset" 78
"../../../Engine/Content/EditorMeshes/EditorSphere.uexp" 79
"../../../Engine/Content/EditorResources/S_Solver.uasset" 80
"../../../Engine/Content/EditorResources/S_Solver.uexp" 81
"../../../Engine/Plugins/Media/MediaPlate/Content/SM_MediaPlateScreen.uasset" 82
"../../../Engine/Plugins/Media/MediaPlate/Content/SM_MediaPlateScreen.uexp" 83
"../../../Engine/Content/EngineMaterials/Good64x64TilingNoiseHighFreq.uasset" 84
"../../../Engine/Content/EngineMaterials/Good64x64TilingNoiseHighFreq.uexp" 85
"../../../Engine/Content/EngineMaterials/DefaultBokeh.uasset" 86
"../../../Engine/Content/EngineMaterials/DefaultBokeh.uexp" 87
"../../../Engine/Content/EngineMaterials/PreintegratedSkinBRDF.uasset" 88
"../../../Engine/Content/EngineMaterials/PreintegratedSkinBRDF.uexp" 89
"../../../Engine/Content/EngineMaterials/MiniFont.uasset" 90
"../../../Engine/Content/EngineMaterials/MiniFont.uexp" 91
"../../../Engine/Content/EngineMaterials/WeightMapPlaceholderTexture.uasset" 92
"../../../Engine/Content/EngineMaterials/WeightMapPlaceholderTexture.uexp" 93
"../../../Engine/Content/EngineMaterials/DefaultWhiteGrid.uasset" 94
"../../../Engine/Content/EngineMaterials/DefaultWhiteGrid.uexp" 95
"../../../Engine/Content/Animation/DefaultRecorderBoneCompression.uasset" 96
"../../../Engine/Content/Animation/DefaultRecorderBoneCompression.uexp" 97
"../../../Engine/Plugins/Interchange/Runtime/Content/Pipelines/DefaultMaterialPipeline.uasset" 98
"../../../Engine/Plugins/Interchange/Runtime/Content/Pipelines/DefaultMaterialPipeline.uexp" 99
"../../../Engine/Content/BasicShapes/Plane.uasset" 100
"../../../Engine/Content/BasicShapes/Plane.uexp" 101
"../../../Engine/Content/EngineMaterials/DefaultMaterial.uasset" 102
"../../../Engine/Content/EngineMaterials/DefaultMaterial.uexp" 103
"../../../Engine/Content/BasicShapes/Cylinder.uasset" 104
"../../../Engine/Content/BasicShapes/Cylinder.uexp" 105
"../../../Engine/Content/BasicShapes/Cone.uasset" 106
"../../../Engine/Content/BasicShapes/Cone.uexp" 107
"../../../Engine/Content/EditorLandscapeResources/DefaultAlphaTexture.uasset" 108
"../../../Engine/Content/EditorLandscapeResources/DefaultAlphaTexture.uexp" 109
"../../../Engine/Content/EditorLandscapeResources/DataLayer.uasset" 110
"../../../Engine/Content/EditorLandscapeResources/DataLayer.uexp" 111
"../../../Engine/Content/EditorMaterials/PreviewShadowIndicator.uasset" 112
"../../../Engine/Content/EditorMaterials/PreviewShadowIndicator.uexp" 113
"../../../Engine/Content/EditorMaterials/PreviewShadowIndicatorMaterial.uasset" 114
"../../../Engine/Content/EditorMaterials/PreviewShadowIndicatorMaterial.uexp" 115
"../../../Engine/Content/EditorMaterials/PhAT_UnselectedMaterial.uasset" 116
"../../../Engine/Content/EditorMaterials/PhAT_UnselectedMaterial.uexp" 117
"../../../Engine/Content/EditorMaterials/PhAT_NoCollisionMaterial.uasset" 118
"../../../Engine/Content/EditorMaterials/PhAT_NoCollisionMaterial.uexp" 119
"../../../Engine/Content/Functions/Engine_MaterialFunctions02/Utility/MakeFloat4.uasset" 120
"../../../Engine/Content/Functions/Engine_MaterialFunctions02/Utility/MakeFloat4.uexp" 121
"../../../Engine/Content/Functions/Engine_MaterialFunctions02/Utility/MakeFloat3.uasset" 122
"../../../Engine/Content/Functions/Engine_MaterialFunctions02/Utility/MakeFloat3.uexp" 123
"../../../Engine/Content/Functions/Engine_MaterialFunctions02/Utility/BreakOutFloat3Components.uasset" 124
"../../../Engine/Content/Functions/Engine_MaterialFunctions02/Utility/BreakOutFloat3Components.uexp" 125
"../../../Engine/Content/EditorMaterials/WorldPartition/WorldPartitionSpatialHashGridPreviewMaterial.uasset" 126
"../../../Engine/Content/EditorMaterials/WorldPartition/WorldPartitionSpatialHashGridPreviewMaterial.uexp" 127
"../../../Engine/Content/EditorResources/S_Terrain.uasset" 128
"../../../Engine/Content/EditorResources/S_Terrain.uexp" 129
"../../../Engine/Content/EditorResources/EmptyActor.uasset" 130
"../../../Engine/Content/EditorResources/EmptyActor.uexp" 131
"../../../Engine/Content/EditorResources/BSPVertex.uasset" 132
"../../../Engine/Content/EditorResources/BSPVertex.uexp" 133
"../../../Engine/Content/EditorResources/AudioIcons/S_AudioComponent_AutoActivate.uasset" 134
"../../../Engine/Content/EditorResources/AudioIcons/S_AudioComponent_AutoActivate.uexp" 135
"../../../Engine/Content/EditorResources/AudioIcons/S_AudioComponent.uasset" 136
"../../../Engine/Content/EditorResources/AudioIcons/S_AudioComponent.uexp" 137
"../../../Engine/Content/EditorResources/LightIcons/S_LightError.uasset" 138
"../../../Engine/Content/EditorResources/LightIcons/S_LightError.uexp" 139
"../../../Engine/Content/EditorResources/SequenceRecorder/RecordingIndicator.uasset" 140
"../../../Engine/Content/EditorResources/SequenceRecorder/RecordingIndicator.uexp" 141
"../../../Engine/Content/EditorResources/SequenceRecorder/Countdown.uasset" 142
"../../../Engine/Content/EditorResources/SequenceRecorder/Countdown.uexp" 143
"../../../Engine/Content/EngineDamageTypes/DmgTypeBP_Environmental.uasset" 144
"../../../Engine/Content/EngineDamageTypes/DmgTypeBP_Environmental.uexp" 145
"../../../Engine/Plugins/Interchange/Runtime/Content/Pipelines/DefaultAssetsPipeline.uasset" 146
"../../../Engine/Plugins/Interchange/Runtime/Content/Pipelines/DefaultAssetsPipeline.uexp" 147
"../../../Engine/Content/Functions/Engine_MaterialFunctions02/Utility/CameraDirectionVector.uasset" 148
"../../../Engine/Content/Functions/Engine_MaterialFunctions02/Utility/CameraDirectionVector.uexp" 149
"../../../Engine/Content/EngineDebugMaterials/VolumeToRender.uasset" 150
"../../../Engine/Content/EngineDebugMaterials/VolumeToRender.uexp" 151
"../../../Engine/Content/EngineDebugMaterials/M_VolumeRenderSphereTracePP.uasset" 152
"../../../Engine/Content/EngineDebugMaterials/M_VolumeRenderSphereTracePP.uexp" 153
"../../../Engine/Content/EngineDebugMaterials/M_SimpleUnlitTranslucent.uasset" 154
"../../../Engine/Content/EngineDebugMaterials/M_SimpleUnlitTranslucent.uexp" 155
"../../../Engine/Content/EngineDebugMaterials/DebugMeshMaterial.uasset" 156
"../../../Engine/Content/EngineDebugMaterials/DebugMeshMaterial.uexp" 157
"../../../Engine/Content/EngineDebugMaterials/DebugEditorMaterial.uasset" 158
"../../../Engine/Content/EngineDebugMaterials/DebugEditorMaterial.uexp" 159
"../../../Engine/Content/EngineFonts/Faces/RobotoLight.uexp" 160
"../../../Engine/Content/EngineFonts/Faces/RobotoLight.uasset" 161
"../../../Engine/Content/EngineFonts/Faces/RobotoLight.ufont" 162
"../../../Engine/Content/EngineFonts/Faces/RobotoBold.uexp" 163
"../../../Engine/Content/EngineFonts/Faces/RobotoBold.uasset" 164
"../../../Engine/Content/EngineFonts/Faces/RobotoBold.ufont" 165
"../../../Engine/Content/EngineFonts/Faces/RobotoRegular.uexp" 166
"../../../Engine/Content/EngineFonts/Faces/RobotoRegular.uasset" 167
"../../../Engine/Content/EngineFonts/Faces/RobotoRegular.ufont" 168
"../../../Engine/Content/EngineFonts/Faces/DroidSansFallback.uexp" 169
"../../../Engine/Content/EngineFonts/Faces/DroidSansFallback.uasset" 170
"../../../Engine/Content/EngineFonts/Faces/DroidSansFallback.ufont" 171
"../../../Engine/Content/EngineFonts/Faces/RobotoItalic.uexp" 172
"../../../Engine/Content/EngineFonts/Faces/RobotoItalic.uasset" 173
"../../../Engine/Content/EngineFonts/Faces/RobotoItalic.ufont" 174
"../../../Engine/Content/EngineFonts/Faces/RobotoBoldItalic.uexp" 175
"../../../Engine/Content/EngineFonts/Faces/RobotoBoldItalic.uasset" 176
"../../../Engine/Content/EngineFonts/Faces/RobotoBoldItalic.ufont" 177
"../../../Engine/Content/EngineResources/WhiteSquareTexture.uasset" 178
"../../../Engine/Content/EngineResources/WhiteSquareTexture.uexp" 179
"../../../Engine/Content/EngineMaterials/Widget3DPassThrough.uasset" 180
"../../../Engine/Content/EngineMaterials/Widget3DPassThrough.uexp" 181
"../../../Engine/Content/EngineMaterials/Widget3DPassThrough_Translucent.uasset" 182
"../../../Engine/Content/EngineMaterials/Widget3DPassThrough_Translucent.uexp" 183
"../../../Engine/Content/EngineMaterials/Widget3DPassThrough_Translucent_OneSided.uasset" 184
"../../../Engine/Content/EngineMaterials/Widget3DPassThrough_Translucent_OneSided.uexp" 185
"../../../Engine/Content/EngineMaterials/Widget3DPassThrough_Opaque.uasset" 186
"../../../Engine/Content/EngineMaterials/Widget3DPassThrough_Opaque.uexp" 187
"../../../Engine/Content/EngineMaterials/Widget3DPassThrough_Opaque_OneSided.uasset" 188
"../../../Engine/Content/EngineMaterials/Widget3DPassThrough_Opaque_OneSided.uexp" 189
"../../../Engine/Content/EngineMaterials/Widget3DPassThrough_Masked_OneSided.uasset" 190
"../../../Engine/Content/EngineMaterials/Widget3DPassThrough_Masked_OneSided.uexp" 191
"../../../Engine/Content/EngineMaterials/Widget3DPassThrough_Masked.uasset" 192
"../../../Engine/Content/EngineMaterials/Widget3DPassThrough_Masked.uexp" 193
"../../../Engine/Plugins/Runtime/MeshModelingToolset/Content/Materials/M_DynamicMeshComponentVtxColor.uasset" 194
"../../../Engine/Plugins/Runtime/MeshModelingToolset/Content/Materials/M_DynamicMeshComponentVtxColor.uexp" 195
"../../../Engine/Content/EngineMaterials/STBlueNoise_vec2_128x128x64.uasset" 196
"../../../Engine/Content/EngineMaterials/STBlueNoise_vec2_128x128x64.uexp" 197
"../../../Engine/Content/EngineMaterials/STBlueNoise_scalar_128x128x64.uasset" 198
"../../../Engine/Content/EngineMaterials/STBlueNoise_scalar_128x128x64.uexp" 199
"../../../Engine/Content/EngineMaterials/RemoveSurfaceMaterial.uasset" 200
"../../../Engine/Content/EngineMaterials/RemoveSurfaceMaterial.uexp" 201
"../../../Engine/Plugins/Interchange/Runtime/Content/gltf/Textures/T_Gray_Linear.uasset" 202
"../../../Engine/Plugins/Interchange/Runtime/Content/gltf/Textures/T_Gray_Linear.uexp" 203
"../../../Engine/Content/EngineMaterials/DefaultCalibrationGrayscale.uasset" 204
"../../../Engine/Content/EngineMaterials/DefaultCalibrationGrayscale.uexp" 205
"../../../Engine/Content/EngineMaterials/PPM_DefaultCalibrationGrayscale.uasset" 206
"../../../Engine/Content/EngineMaterials/PPM_DefaultCalibrationGrayscale.uexp" 207
"../../../Engine/Content/EngineMaterials/DefaultCalibrationColor.uasset" 208
"../../../Engine/Content/EngineMaterials/DefaultCalibrationColor.uexp" 209
"../../../Engine/Content/EngineMaterials/PPM_DefaultCalibrationColor.uasset" 210
"../../../Engine/Content/EngineMaterials/PPM_DefaultCalibrationColor.uexp" 211
"../../../Engine/Content/Functions/Engine_MaterialFunctions02/WorldPositionOffset/CameraOffset.uasset" 212
"../../../Engine/Content/Functions/Engine_MaterialFunctions02/WorldPositionOffset/CameraOffset.uexp" 213
"../../../Engine/Content/EngineMaterials/PhAT_JointLimitMaterial.uasset" 214
"../../../Engine/Content/EngineMaterials/PhAT_JointLimitMaterial.uexp" 215
"../../../Engine/Content/EngineMaterials/InvalidLightmapSettings.uasset" 216
"../../../Engine/Content/EngineMaterials/InvalidLightmapSettings.uexp" 217
"../../../Engine/Content/EngineMaterials/M_InvalidLightmapSettings.uasset" 218
"../../../Engine/Content/EngineMaterials/M_InvalidLightmapSettings.uexp" 219
"../../../Engine/Plugins/Interchange/Runtime/Content/gltf/Textures/T_Black_srgb.uasset" 220
"../../../Engine/Plugins/Interchange/Runtime/Content/gltf/Textures/T_Black_srgb.uexp" 221
"../../../Engine/Content/EngineMaterials/GizmoMaterial.uasset" 222
"../../../Engine/Content/EngineMaterials/GizmoMaterial.uexp" 223
"../../../Engine/Content/EngineMaterials/BaseFlattenEmissiveMap_VT.uasset" 224
"../../../Engine/Content/EngineMaterials/BaseFlattenEmissiveMap_VT.uexp" 225
"../../../Engine/Content/EngineMaterials/BaseFlattenGrayscaleMap_VT.uasset" 226
"../../../Engine/Content/EngineMaterials/BaseFlattenGrayscaleMap_VT.uexp" 227
"../../../Engine/Content/EngineMaterials/BaseFlattenLinearColor_VT.uasset" 228
"../../../Engine/Content/EngineMaterials/BaseFlattenLinearColor_VT.uexp" 229
"../../../Engine/Content/EngineMaterials/Black_1x1_EXR_Texture_VT.uasset" 230
"../../../Engine/Content/EngineMaterials/Black_1x1_EXR_Texture_VT.uexp" 231
"../../../Engine/Content/EngineMaterials/BaseFlattenDiffuseMap_VT.uasset" 232
"../../../Engine/Content/EngineMaterials/BaseFlattenDiffuseMap_VT.uexp" 233
"../../../Engine/Content/EngineMaterials/BaseFlattenNormalMap_VT.uasset" 234
"../../../Engine/Content/EngineMaterials/BaseFlattenNormalMap_VT.uexp" 235
"../../../Engine/Content/EngineMaterials/FlattenMaterial_WS_Normal_VT.uasset" 236
"../../../Engine/Content/EngineMaterials/FlattenMaterial_WS_Normal_VT.uexp" 237
"../../../Engine/Content/EngineMaterials/FlattenMaterial_VT.uasset" 238
"../../../Engine/Content/EngineMaterials/FlattenMaterial_VT.uexp" 239
"../../../Engine/Content/EngineMaterials/BaseFlattenNormalMap.uasset" 240
"../../../Engine/Content/EngineMaterials/BaseFlattenNormalMap.uexp" 241
"../../../Engine/Content/EngineMaterials/BaseFlattenGrayscaleMap.uasset" 242
"../../../Engine/Content/EngineMaterials/BaseFlattenGrayscaleMap.uexp" 243
"../../../Engine/Content/EngineMaterials/BaseFlattenDiffuseMap.uasset" 244
"../../../Engine/Content/EngineMaterials/BaseFlattenDiffuseMap.uexp" 245
"../../../Engine/Content/Functions/Engine_MaterialFunctions02/PivotPainter2/Black_1x1_EXR_Texture.uasset" 246
"../../../Engine/Content/Functions/Engine_MaterialFunctions02/PivotPainter2/Black_1x1_EXR_Texture.uexp" 247
"../../../Engine/Content/EngineMaterials/BaseFlattenEmissiveMap.uasset" 248
"../../../Engine/Content/EngineMaterials/BaseFlattenEmissiveMap.uexp" 249
"../../../Engine/Content/EngineMaterials/BaseFlattenLinearColor.uasset" 250
"../../../Engine/Content/EngineMaterials/BaseFlattenLinearColor.uexp" 251
"../../../Engine/Content/EngineMaterials/FlattenMaterial.uasset" 252
"../../../Engine/Content/EngineMaterials/FlattenMaterial.uexp" 253
"../../../Engine/Content/EngineMaterials/DefaultWhiteGrid_Low.uasset" 254
"../../../Engine/Content/EngineMaterials/DefaultWhiteGrid_Low.uexp" 255
"../../../Engine/Content/EngineMaterials/EmissiveMeshMaterial.uasset" 256
"../../../Engine/Content/EngineMaterials/EmissiveMeshMaterial.uexp" 257
"../../../Engine/Plugins/Interchange/Runtime/Content/Materials/MapOrLinearColorFunction.uasset" 258
"../../../Engine/Plugins/Interchange/Runtime/Content/Materials/MapOrLinearColorFunction.uexp" 259
"../../../Engine/Content/EngineMaterials/DefaultNormal.uasset" 260
"../../../Engine/Content/EngineMaterials/DefaultNormal.uexp" 261
"../../../Engine/Plugins/Interchange/Runtime/Content/Materials/MapOrScalarFunction.uasset" 262
"../../../Engine/Plugins/Interchange/Runtime/Content/Materials/MapOrScalarFunction.uexp" 263
"../../../Engine/Plugins/Interchange/Runtime/Content/Materials/MapOrColorFunction.uasset" 264
"../../../Engine/Plugins/Interchange/Runtime/Content/Materials/MapOrColorFunction.uexp" 265
"../../../Engine/Plugins/Interchange/Runtime/Content/Materials/CommonMaterial.uasset" 266
"../../../Engine/Plugins/Interchange/Runtime/Content/Materials/CommonMaterial.uexp" 267
"../../../Engine/Plugins/Interchange/Runtime/Content/Materials/PBRSurfaceFunction.uasset" 268
"../../../Engine/Plugins/Interchange/Runtime/Content/Materials/PBRSurfaceFunction.uexp" 269
"../../../Engine/Plugins/Interchange/Runtime/Content/Materials/ClearCoatMaterial.uasset" 270
"../../../Engine/Plugins/Interchange/Runtime/Content/Materials/ClearCoatMaterial.uexp" 271
"../../../Engine/Content/EngineMaterials/DefaultTextMaterialOpaque.uasset" 272
"../../../Engine/Content/EngineMaterials/DefaultTextMaterialOpaque.uexp" 273
"../../../Engine/Content/EngineMaterials/DefaultDiffuse.uasset" 274
"../../../Engine/Content/EngineMaterials/DefaultDiffuse.uexp" 275
"../../../Engine/Content/Functions/Engine_MaterialFunctions02/Utility/BreakOutFloat2Components.uasset" 276
"../../../Engine/Content/Functions/Engine_MaterialFunctions02/Utility/BreakOutFloat2Components.uexp" 277
"../../../Engine/Content/EngineMaterials/DefaultPostProcessMaterial.uasset" 278
"../../../Engine/Content/EngineMaterials/DefaultPostProcessMaterial.uexp" 279
"../../../Engine/Content/EngineMaterials/DefaultLightFunctionMaterial.uasset" 280
"../../../Engine/Content/EngineMaterials/DefaultLightFunctionMaterial.uexp" 281
"../../../Engine/Content/EngineMaterials/DefaultDestructiblePhysicalMaterial.uasset" 282
"../../../Engine/Content/EngineMaterials/DefaultDestructiblePhysicalMaterial.uexp" 283
"../../../Engine/Content/EngineMaterials/DefaultDeferredDecalMaterial.uasset" 284
"../../../Engine/Content/EngineMaterials/DefaultDeferredDecalMaterial.uexp" 285
"../../../Engine/Content/EngineMaterials/DefaultBloomKernel.uasset" 286
"../../../Engine/Content/EngineMaterials/DefaultBloomKernel.uexp" 287
"../../../Engine/Plugins/Interchange/Runtime/Content/Materials/UnlitMaterial.uasset" 288
"../../../Engine/Plugins/Interchange/Runtime/Content/Materials/UnlitMaterial.uexp" 289
"../../../Engine/Plugins/Interchange/Runtime/Content/Materials/ThinTranslucentMaterial.uasset" 290
"../../../Engine/Plugins/Interchange/Runtime/Content/Materials/ThinTranslucentMaterial.uexp" 291
"../../../Engine/Content/EngineMaterials/FlatNormal.uasset" 292
"../../../Engine/Content/EngineMaterials/FlatNormal.uexp" 293
"../../../Engine/Plugins/Interchange/Runtime/Content/Functions/MF_OrenNayerView.uasset" 294
"../../../Engine/Plugins/Interchange/Runtime/Content/Functions/MF_OrenNayerView.uexp" 295
"../../../Engine/Content/EditorLandscapeResources/WhiteSquareTexture.uasset" 296
"../../../Engine/Content/EditorLandscapeResources/WhiteSquareTexture.uexp" 297
"../../../Engine/Plugins/Interchange/Runtime/Content/Functions/MF_SchlickApprox.uasset" 298
"../../../Engine/Plugins/Interchange/Runtime/Content/Functions/MF_SchlickApprox.uexp" 299
"../../../Engine/Plugins/Interchange/Runtime/Content/Utilities/New_LUT.uasset" 300
"../../../Engine/Plugins/Interchange/Runtime/Content/Utilities/New_LUT.uexp" 301
"../../../Engine/Content/Functions/Engine_MaterialFunctions03/Math/RemapValueRange.uasset" 302
"../../../Engine/Content/Functions/Engine_MaterialFunctions03/Math/RemapValueRange.uexp" 303
"../../../Engine/Plugins/Interchange/Runtime/Content/Functions/MF_Iridescence.uasset" 304
"../../../Engine/Plugins/Interchange/Runtime/Content/Functions/MF_Iridescence.uexp" 305
"../../../Engine/Plugins/Interchange/Runtime/Content/Materials/OrenNayerMaterial.uasset" 306
"../../../Engine/Plugins/Interchange/Runtime/Content/Materials/OrenNayerMaterial.uexp" 307
"../../../Engine/Plugins/Interchange/Runtime/Content/Materials/SubsurfaceMaterial.uasset" 308
"../../../Engine/Plugins/Interchange/Runtime/Content/Materials/SubsurfaceMaterial.uexp" 309
"../../../Engine/Plugins/Interchange/Runtime/Content/Materials/SheenMaterial.uasset" 310
"../../../Engine/Plugins/Interchange/Runtime/Content/Materials/SheenMaterial.uexp" 311
"../../../Engine/Content/Functions/Engine_MaterialFunctions01/Shading/ConvertFromDiffSpec.uasset" 312
"../../../Engine/Content/Functions/Engine_MaterialFunctions01/Shading/ConvertFromDiffSpec.uexp" 313
"../../../Engine/Plugins/Interchange/Runtime/Content/Materials/PhongSurfaceMaterial.uasset" 314
"../../../Engine/Plugins/Interchange/Runtime/Content/Materials/PhongSurfaceMaterial.uexp" 315
"../../../Engine/Plugins/Interchange/Runtime/Content/Materials/PBRSurfaceMaterial.uasset" 316
"../../../Engine/Plugins/Interchange/Runtime/Content/Materials/PBRSurfaceMaterial.uexp" 317
"../../../Engine/Plugins/Interchange/Runtime/Content/Materials/LambertSurfaceMaterial.uasset" 318
"../../../Engine/Plugins/Interchange/Runtime/Content/Materials/LambertSurfaceMaterial.uexp" 319
"../../../Engine/Content/EngineResources/FilmGrains/Marcie_Grain_v3_128_M2_000.uasset" 320
"../../../Engine/Content/EngineResources/FilmGrains/Marcie_Grain_v3_128_M2_000.uexp" 321
"../../../Engine/Content/EngineSky/VolumetricClouds/CloudWeatherTexture.uasset" 322
"../../../Engine/Content/EngineSky/VolumetricClouds/CloudWeatherTexture.uexp" 323
"../../../Engine/Content/Functions/Engine_MaterialFunctions02/Utility/MakeFloat2.uasset" 324
"../../../Engine/Content/Functions/Engine_MaterialFunctions02/Utility/MakeFloat2.uexp" 325
"../../../Engine/Content/EngineSky/VolumetricClouds/CloudGradientTexture.uasset" 326
"../../../Engine/Content/EngineSky/VolumetricClouds/CloudGradientTexture.uexp" 327
"../../../Engine/Content/EngineSky/VolumetricClouds/T_NoiseShape64.uasset" 328
"../../../Engine/Content/EngineSky/VolumetricClouds/T_NoiseShape64.uexp" 329
"../../../Engine/Content/EngineSky/VolumetricClouds/T_VolumeNoiseShape64.uasset" 330
"../../../Engine/Content/EngineSky/VolumetricClouds/T_VolumeNoiseShape64.uexp" 331
"../../../Engine/Content/EngineSky/VolumetricClouds/T_NoiseErosion.uasset" 332
"../../../Engine/Content/EngineSky/VolumetricClouds/T_NoiseErosion.uexp" 333
"../../../Engine/Content/EngineSky/VolumetricClouds/T_VolumeNoiseErosion32.uasset" 334
"../../../Engine/Content/EngineSky/VolumetricClouds/T_VolumeNoiseErosion32.uexp" 335
"../../../Engine/Content/EngineSky/VolumetricClouds/m_SimpleVolumetricCloud.uasset" 336
"../../../Engine/Content/EngineSky/VolumetricClouds/m_SimpleVolumetricCloud.uexp" 337
"../../../Engine/Content/EngineSky/VolumetricClouds/m_SimpleVolumetricCloud_Inst.uasset" 338
"../../../Engine/Content/EngineSky/VolumetricClouds/m_SimpleVolumetricCloud_Inst.uexp" 339
"../../../Engine/Content/EngineSounds/Master.uasset" 340
"../../../Engine/Content/EngineSounds/Master.uexp" 341
"../../../Engine/Content/Functions/Engine_MaterialFunctions01/Shading/PowerToRoughness.uasset" 342
"../../../Engine/Content/Functions/Engine_MaterialFunctions01/Shading/PowerToRoughness.uexp" 343
"../../../Engine/Content/MobileResources/HUD/VirtualJoystick_Background.uasset" 344
"../../../Engine/Content/MobileResources/HUD/VirtualJoystick_Background.uexp" 345
"../../../Engine/Content/MobileResources/HUD/VirtualJoystick_Thumb.uasset" 346
"../../../Engine/Content/MobileResources/HUD/VirtualJoystick_Thumb.uexp" 347
"../../../Engine/Content/MobileResources/HUD/DefaultVirtualJoysticks.uasset" 348
"../../../Engine/Content/MobileResources/HUD/DefaultVirtualJoysticks.uexp" 349
"../../../Engine/Plugins/2D/Paper2D/Content/PlaceholderTextures/DummySpriteTexture.uasset" 350
"../../../Engine/Plugins/2D/Paper2D/Content/PlaceholderTextures/DummySpriteTexture.uexp" 351
"../../../Engine/Plugins/2D/Paper2D/Content/DefaultSpriteMaterial.uasset" 352
"../../../Engine/Plugins/2D/Paper2D/Content/DefaultSpriteMaterial.uexp" 353
"../../../Engine/Plugins/2D/Paper2D/Content/OpaqueUnlitSpriteMaterial.uasset" 354
"../../../Engine/Plugins/2D/Paper2D/Content/OpaqueUnlitSpriteMaterial.uexp" 355
"../../../Engine/Plugins/2D/Paper2D/Content/MaskedUnlitSpriteMaterial.uasset" 356
"../../../Engine/Plugins/2D/Paper2D/Content/MaskedUnlitSpriteMaterial.uexp" 357
"../../../Engine/Plugins/2D/Paper2D/Content/DummySprite.uasset" 358
"../../../Engine/Plugins/2D/Paper2D/Content/DummySprite.uexp" 359
"../../../Engine/Plugins/2D/Paper2D/Content/DefaultPaperTerrainMaterial.uasset" 360
"../../../Engine/Plugins/2D/Paper2D/Content/DefaultPaperTerrainMaterial.uexp" 361
"../../../Engine/Plugins/Animation/ControlRig/Content/M_Manip.uasset" 362
"../../../Engine/Plugins/Animation/ControlRig/Content/M_Manip.uexp" 363
"../../../Engine/Plugins/Animation/ControlRig/Content/Controls/DefaultGizmoLibraryNormalized.uasset" 364
"../../../Engine/Plugins/Animation/ControlRig/Content/Controls/DefaultGizmoLibraryNormalized.uexp" 365
"../../../Engine/Plugins/Animation/ControlRig/Content/Controls/ControlRig_Wedge_solid.uasset" 366
"../../../Engine/Plugins/Animation/ControlRig/Content/Controls/ControlRig_Wedge_solid.uexp" 367
"../../../Engine/Plugins/Animation/ControlRig/Content/Controls/ControlRig_Wedge_3mm.uasset" 368
"../../../Engine/Plugins/Animation/ControlRig/Content/Controls/ControlRig_Wedge_3mm.uexp" 369
"../../../Engine/Plugins/Animation/ControlRig/Content/Controls/ControlRig_Wedge_1mm.uasset" 370
"../../../Engine/Plugins/Animation/ControlRig/Content/Controls/ControlRig_Wedge_1mm.uexp" 371
"../../../Engine/Plugins/Animation/ControlRig/Content/Controls/ControlRig_Triangle_solid.uasset" 372
"../../../Engine/Plugins/Animation/ControlRig/Content/Controls/ControlRig_Triangle_solid.uexp" 373
"../../../Engine/Plugins/Animation/ControlRig/Content/Controls/ControlRig_Triangle_3mm.uasset" 374
"../../../Engine/Plugins/Animation/ControlRig/Content/Controls/ControlRig_Triangle_3mm.uexp" 375
"../../../Engine/Plugins/Animation/ControlRig/Content/Controls/ControlRig_Triangle_1mm.uasset" 376
"../../../Engine/Plugins/Animation/ControlRig/Content/Controls/ControlRig_Triangle_1mm.uexp" 377
"../../../Engine/Plugins/Animation/ControlRig/Content/Controls/ControlRig_Star4_solid.uasset" 378
"../../../Engine/Plugins/Animation/ControlRig/Content/Controls/ControlRig_Star4_solid.uexp" 379
"../../../Engine/Plugins/Animation/ControlRig/Content/Controls/ControlRig_Star4_3mm.uasset" 380
"../../../Engine/Plugins/Animation/ControlRig/Content/Controls/ControlRig_Star4_3mm.uexp" 381
"../../../Engine/Plugins/Animation/ControlRig/Content/Controls/ControlRig_Star4_1mm.uasset" 382
"../../../Engine/Plugins/Animation/ControlRig/Content/Controls/ControlRig_Star4_1mm.uexp" 383
"../../../Engine/Plugins/Animation/ControlRig/Content/Controls/ControlRig_Square_solid.uasset" 384
"../../../Engine/Plugins/Animation/ControlRig/Content/Controls/ControlRig_Square_solid.uexp" 385
"../../../Engine/Plugins/Animation/ControlRig/Content/Controls/ControlRig_Square_3mm.uasset" 386
"../../../Engine/Plugins/Animation/ControlRig/Content/Controls/ControlRig_Square_3mm.uexp" 387
"../../../Engine/Plugins/Animation/ControlRig/Content/Controls/ControlRig_Square_1mm.uasset" 388
"../../../Engine/Plugins/Animation/ControlRig/Content/Controls/ControlRig_Square_1mm.uexp" 389
"../../../Engine/Plugins/Animation/ControlRig/Content/Controls/ControlRig_Sphere_solid.uasset" 390
"../../../Engine/Plugins/Animation/ControlRig/Content/Controls/ControlRig_Sphere_solid.uexp" 391
"../../../Engine/Plugins/Animation/ControlRig/Content/Controls/ControlRig_Sphere_3mm.uasset" 392
"../../../Engine/Plugins/Animation/ControlRig/Content/Controls/ControlRig_Sphere_3mm.uexp" 393
"../../../Engine/Plugins/Animation/ControlRig/Content/Controls/ControlRig_Sphere_1mm.uasset" 394
"../../../Engine/Plugins/Animation/ControlRig/Content/Controls/ControlRig_Sphere_1mm.uexp" 395
"../../../Engine/Plugins/Animation/ControlRig/Content/Controls/ControlRig_RoundedTriangle_solid.uasset" 396
"../../../Engine/Plugins/Animation/ControlRig/Content/Controls/ControlRig_RoundedTriangle_solid.uexp" 397
"../../../Engine/Plugins/Animation/ControlRig/Content/Controls/ControlRig_RoundedTriangle_3mm.uasset" 398
"../../../Engine/Plugins/Animation/ControlRig/Content/Controls/ControlRig_RoundedTriangle_3mm.uexp" 399
"../../../Engine/Plugins/Animation/ControlRig/Content/Controls/ControlRig_RoundedTriangle_1mm.uasset" 400
"../../../Engine/Plugins/Animation/ControlRig/Content/Controls/ControlRig_RoundedTriangle_1mm.uexp" 401
"../../../Engine/Plugins/Animation/ControlRig/Content/Controls/ControlRig_RoundedSquare_solid.uasset" 402
"../../../Engine/Plugins/Animation/ControlRig/Content/Controls/ControlRig_RoundedSquare_solid.uexp" 403
"../../../Engine/Plugins/Animation/ControlRig/Content/Controls/ControlRig_RoundedSquare_3mm.uasset" 404
"../../../Engine/Plugins/Animation/ControlRig/Content/Controls/ControlRig_RoundedSquare_3mm.uexp" 405
"../../../Engine/Plugins/Animation/ControlRig/Content/Controls/ControlRig_RoundedSquare_1mm.uasset" 406
"../../../Engine/Plugins/Animation/ControlRig/Content/Controls/ControlRig_RoundedSquare_1mm.uexp" 407
"../../../Engine/Plugins/Animation/ControlRig/Content/Controls/ControlRig_QuarterCircle_solid.uasset" 408
"../../../Engine/Plugins/Animation/ControlRig/Content/Controls/ControlRig_QuarterCircle_solid.uexp" 409
"../../../Engine/Plugins/Animation/ControlRig/Content/Controls/ControlRig_QuarterCircle_3mm.uasset" 410
"../../../Engine/Plugins/Animation/ControlRig/Content/Controls/ControlRig_QuarterCircle_3mm.uexp" 411
"../../../Engine/Plugins/Animation/ControlRig/Content/Controls/ControlRig_QuarterCircle_1mm.uasset" 412
"../../../Engine/Plugins/Animation/ControlRig/Content/Controls/ControlRig_QuarterCircle_1mm.uexp" 413
"../../../Engine/Plugins/Animation/ControlRig/Content/Controls/ControlRig_Pyramid_solid.uasset" 414
"../../../Engine/Plugins/Animation/ControlRig/Content/Controls/ControlRig_Pyramid_solid.uexp" 415
"../../../Engine/Plugins/Animation/ControlRig/Content/Controls/ControlRig_Pyramid_3mm.uasset" 416
"../../../Engine/Plugins/Animation/ControlRig/Content/Controls/ControlRig_Pyramid_3mm.uexp" 417
"../../../Engine/Plugins/Animation/ControlRig/Content/Controls/ControlRig_Pyramid_1mm.uasset" 418
"../../../Engine/Plugins/Animation/ControlRig/Content/Controls/ControlRig_Pyramid_1mm.uexp" 419
"../../../Engine/Plugins/Animation/ControlRig/Content/Controls/ControlRig_Octagon_solid.uasset" 420
"../../../Engine/Plugins/Animation/ControlRig/Content/Controls/ControlRig_Octagon_solid.uexp" 421
"../../../Engine/Plugins/Animation/ControlRig/Content/Controls/ControlRig_Octagon_3mm.uasset" 422
"../../../Engine/Plugins/Animation/ControlRig/Content/Controls/ControlRig_Octagon_3mm.uexp" 423
"../../../Engine/Plugins/Animation/ControlRig/Content/Controls/ControlRig_Octagon_1mm.uasset" 424
"../../../Engine/Plugins/Animation/ControlRig/Content/Controls/ControlRig_Octagon_1mm.uexp" 425
"../../../Engine/Plugins/Animation/ControlRig/Content/Controls/ControlRig_Hexagon_solid.uasset" 426
"../../../Engine/Plugins/Animation/ControlRig/Content/Controls/ControlRig_Hexagon_solid.uexp" 427
"../../../Engine/Plugins/Animation/ControlRig/Content/Controls/ControlRig_Hexagon_3mm.uasset" 428
"../../../Engine/Plugins/Animation/ControlRig/Content/Controls/ControlRig_Hexagon_3mm.uexp" 429
"../../../Engine/Plugins/Animation/ControlRig/Content/Controls/ControlRig_Hexagon_1mm.uasset" 430
"../../../Engine/Plugins/Animation/ControlRig/Content/Controls/ControlRig_Hexagon_1mm.uexp" 431
"../../../Engine/Plugins/Animation/ControlRig/Content/Controls/ControlRig_HalfCircle_solid.uasset" 432
"../../../Engine/Plugins/Animation/ControlRig/Content/Controls/ControlRig_HalfCircle_solid.uexp" 433
"../../../Engine/Plugins/Animation/ControlRig/Content/Controls/ControlRig_HalfCircle_3mm.uasset" 434
"../../../Engine/Plugins/Animation/ControlRig/Content/Controls/ControlRig_HalfCircle_3mm.uexp" 435
"../../../Engine/Plugins/Animation/ControlRig/Content/Controls/ControlRig_HalfCircle_1mm.uasset" 436
"../../../Engine/Plugins/Animation/ControlRig/Content/Controls/ControlRig_HalfCircle_1mm.uexp" 437
"../../../Engine/Plugins/Animation/ControlRig/Content/Controls/ControlRig_Diamond_solid.uasset" 438
"../../../Engine/Plugins/Animation/ControlRig/Content/Controls/ControlRig_Diamond_solid.uexp" 439
"../../../Engine/Plugins/Animation/ControlRig/Content/Controls/ControlRig_Diamond_3mm.uasset" 440
"../../../Engine/Plugins/Animation/ControlRig/Content/Controls/ControlRig_Diamond_3mm.uexp" 441
"../../../Engine/Plugins/Animation/ControlRig/Content/Controls/ControlRig_Diamond_1mm.uasset" 442
"../../../Engine/Plugins/Animation/ControlRig/Content/Controls/ControlRig_Diamond_1mm.uexp" 443
"../../../Engine/Plugins/Animation/ControlRig/Content/Controls/ControlRig_Circle_solid.uasset" 444
"../../../Engine/Plugins/Animation/ControlRig/Content/Controls/ControlRig_Circle_solid.uexp" 445
"../../../Engine/Plugins/Animation/ControlRig/Content/Controls/ControlRig_Circle_3mm.uasset" 446
"../../../Engine/Plugins/Animation/ControlRig/Content/Controls/ControlRig_Circle_3mm.uexp" 447
"../../../Engine/Plugins/Animation/ControlRig/Content/Controls/ControlRig_Circle_1mm.uasset" 448
"../../../Engine/Plugins/Animation/ControlRig/Content/Controls/ControlRig_Circle_1mm.uexp" 449
"../../../Engine/Plugins/Animation/ControlRig/Content/Controls/ControlRig_Box_solid.uasset" 450
"../../../Engine/Plugins/Animation/ControlRig/Content/Controls/ControlRig_Box_solid.uexp" 451
"../../../Engine/Plugins/Animation/ControlRig/Content/Controls/ControlRig_Box_3mm.uasset" 452
"../../../Engine/Plugins/Animation/ControlRig/Content/Controls/ControlRig_Box_3mm.uexp" 453
"../../../Engine/Plugins/Animation/ControlRig/Content/Controls/ControlRig_Box_1mm.uasset" 454
"../../../Engine/Plugins/Animation/ControlRig/Content/Controls/ControlRig_Box_1mm.uexp" 455
"../../../Engine/Plugins/Animation/ControlRig/Content/Controls/ControlRig_Arrow_solid.uasset" 456
"../../../Engine/Plugins/Animation/ControlRig/Content/Controls/ControlRig_Arrow_solid.uexp" 457
"../../../Engine/Plugins/Animation/ControlRig/Content/Controls/ControlRig_Arrow_3mm.uasset" 458
"../../../Engine/Plugins/Animation/ControlRig/Content/Controls/ControlRig_Arrow_3mm.uexp" 459
"../../../Engine/Plugins/Animation/ControlRig/Content/Controls/ControlRig_Arrow_1mm.uasset" 460
"../../../Engine/Plugins/Animation/ControlRig/Content/Controls/ControlRig_Arrow_1mm.uexp" 461
"../../../Engine/Plugins/Animation/ControlRig/Content/Controls/ControlRig_Arrow4_solid.uasset" 462
"../../../Engine/Plugins/Animation/ControlRig/Content/Controls/ControlRig_Arrow4_solid.uexp" 463
"../../../Engine/Plugins/Animation/ControlRig/Content/Controls/ControlRig_Arrow4_3mm.uasset" 464
"../../../Engine/Plugins/Animation/ControlRig/Content/Controls/ControlRig_Arrow4_3mm.uexp" 465
"../../../Engine/Plugins/Animation/ControlRig/Content/Controls/ControlRig_Arrow4_1mm.uasset" 466
"../../../Engine/Plugins/Animation/ControlRig/Content/Controls/ControlRig_Arrow4_1mm.uexp" 467
"../../../Engine/Plugins/Animation/ControlRig/Content/Controls/ControlRig_Arrow2_solid.uasset" 468
"../../../Engine/Plugins/Animation/ControlRig/Content/Controls/ControlRig_Arrow2_solid.uexp" 469
"../../../Engine/Plugins/Animation/ControlRig/Content/Controls/ControlRig_Arrow2_3mm.uasset" 470
"../../../Engine/Plugins/Animation/ControlRig/Content/Controls/ControlRig_Arrow2_3mm.uexp" 471
"../../../Engine/Plugins/Animation/ControlRig/Content/Controls/ControlRig_Arrow2_1mm.uasset" 472
"../../../Engine/Plugins/Animation/ControlRig/Content/Controls/ControlRig_Arrow2_1mm.uexp" 473
"../../../Engine/Plugins/Animation/ControlRig/Content/Controls/ControlRigXRayMaterial.uasset" 474
"../../../Engine/Plugins/Animation/ControlRig/Content/Controls/ControlRigXRayMaterial.uexp" 475
"../../../Engine/Plugins/Animation/ControlRig/Content/Controls/ControlRigGizmoMaterial.uasset" 476
"../../../Engine/Plugins/Animation/ControlRig/Content/Controls/ControlRigGizmoMaterial.uexp" 477
"../../../Engine/Plugins/Editor/SpeedTreeImporter/Content/SpeedTree9/game_wind_noise.uasset" 478
"../../../Engine/Plugins/Editor/SpeedTreeImporter/Content/SpeedTree9/game_wind_noise.uexp" 479
"../../../Engine/Plugins/Editor/SpeedTreeImporter/Content/SpeedTree9/UnpackDirection.uasset" 480
"../../../Engine/Plugins/Editor/SpeedTreeImporter/Content/SpeedTree9/UnpackDirection.uexp" 481
"../../../Engine/Content/Functions/Engine_MaterialFunctions02/ObjectLocalBounds.uasset" 482
"../../../Engine/Content/Functions/Engine_MaterialFunctions02/ObjectLocalBounds.uexp" 483
"../../../Engine/Content/Functions/Engine_MaterialFunctions02/UVs/BoundingBoxBased_0-1_UVW.uasset" 484
"../../../Engine/Content/Functions/Engine_MaterialFunctions02/UVs/BoundingBoxBased_0-1_UVW.uexp" 485
"../../../Engine/Content/Functions/Engine_MaterialFunctions02/Utility/VectorLength.uasset" 486
"../../../Engine/Content/Functions/Engine_MaterialFunctions02/Utility/VectorLength.uexp" 487
"../../../Engine/Plugins/Editor/SpeedTreeImporter/Content/SpeedTree9/UnpackInteger3.uasset" 488
"../../../Engine/Plugins/Editor/SpeedTreeImporter/Content/SpeedTree9/UnpackInteger3.uexp" 489
"../../../Engine/Plugins/Editor/SpeedTreeImporter/Content/SpeedTree9/SpeedTreeCameraFacing.uasset" 490
"../../../Engine/Plugins/Editor/SpeedTreeImporter/Content/SpeedTree9/SpeedTreeCameraFacing.uexp" 491
"../../../Engine/Content/Functions/Engine_MaterialFunctions02/WorldPositionOffset/ObjectScale.uasset" 492
"../../../Engine/Content/Functions/Engine_MaterialFunctions02/WorldPositionOffset/ObjectScale.uexp" 493
"../../../Engine/Content/Functions/Engine_MaterialFunctions02/SafeNormalize.uasset" 494
"../../../Engine/Content/Functions/Engine_MaterialFunctions02/SafeNormalize.uexp" 495
"../../../Engine/Plugins/Editor/SpeedTreeImporter/Content/SpeedTree9/SpeedTreeWindMotion.uasset" 496
"../../../Engine/Plugins/Editor/SpeedTreeImporter/Content/SpeedTree9/SpeedTreeWindMotion.uexp" 497
"../../../Engine/Plugins/Editor/SpeedTreeImporter/Content/SpeedTree9/SpeedTreeBranchMotion.uasset" 498
"../../../Engine/Plugins/Editor/SpeedTreeImporter/Content/SpeedTree9/SpeedTreeBranchMotion.uexp" 499
"../../../Engine/Plugins/Editor/SpeedTreeImporter/Content/SpeedTree9/SpeedTreeWind.uasset" 500
"../../../Engine/Plugins/Editor/SpeedTreeImporter/Content/SpeedTree9/SpeedTreeWind.uexp" 501
"../../../Engine/Plugins/Editor/SpeedTreeImporter/Content/SpeedTree9/EmptyNormal.uasset" 502
"../../../Engine/Plugins/Editor/SpeedTreeImporter/Content/SpeedTree9/EmptyNormal.uexp" 503
"../../../Engine/Plugins/Editor/SpeedTreeImporter/Content/SpeedTree9/Empty.uasset" 504
"../../../Engine/Plugins/Editor/SpeedTreeImporter/Content/SpeedTree9/Empty.uexp" 505
"../../../Engine/Plugins/Editor/SpeedTreeImporter/Content/SpeedTree9/SpeedTreeMaster.uasset" 506
"../../../Engine/Plugins/Editor/SpeedTreeImporter/Content/SpeedTree9/SpeedTreeMaster.uexp" 507
"../../../Engine/Plugins/Editor/SpeedTreeImporter/Content/SpeedTree9/SpeedTreeBillboard.uasset" 508
"../../../Engine/Plugins/Editor/SpeedTreeImporter/Content/SpeedTree9/SpeedTreeBillboard.uexp" 509
"../../../Engine/Plugins/Editor/SpeedTreeImporter/Content/SpeedTree9/SpeedTreeBillboardMaster.uasset" 510
"../../../Engine/Plugins/Editor/SpeedTreeImporter/Content/SpeedTree9/SpeedTreeBillboardMaster.uexp" 511
"../../../Engine/Plugins/Interchange/Runtime/Content/Pipelines/DefaultSceneAssetsPipeline.uasset" 512
"../../../Engine/Plugins/Interchange/Runtime/Content/Pipelines/DefaultSceneAssetsPipeline.uexp" 513
"../../../Engine/Plugins/Interchange/Runtime/Content/Pipelines/DefaultTexturePipeline.uasset" 514
"../../../Engine/Plugins/Interchange/Runtime/Content/Pipelines/DefaultTexturePipeline.uexp" 515
"../../../Engine/Plugins/Interchange/Runtime/Content/Pipelines/DefaultSceneLevelPipeline.uasset" 516
"../../../Engine/Plugins/Interchange/Runtime/Content/Pipelines/DefaultSceneLevelPipeline.uexp" 517
"../../../Engine/Plugins/Interchange/Runtime/Content/gltf/MaterialFunctions/MF_RotateV2.uasset" 518
"../../../Engine/Plugins/Interchange/Runtime/Content/gltf/MaterialFunctions/MF_RotateV2.uexp" 519
"../../../Engine/Plugins/Interchange/Runtime/Content/gltf/MaterialFunctions/MF_TransformUVs.uasset" 520
"../../../Engine/Plugins/Interchange/Runtime/Content/gltf/MaterialFunctions/MF_TransformUVs.uexp" 521
"../../../Engine/Plugins/Interchange/Runtime/Content/gltf/Textures/T_White_srgb.uasset" 522
"../../../Engine/Plugins/Interchange/Runtime/Content/gltf/Textures/T_White_srgb.uexp" 523
"../../../Engine/Plugins/Interchange/Runtime/Content/gltf/MaterialFunctions/MF_BaseColor.uasset" 524
"../../../Engine/Plugins/Interchange/Runtime/Content/gltf/MaterialFunctions/MF_BaseColor.uexp" 525
"../../../Engine/Plugins/Interchange/Runtime/Content/gltf/MaterialFunctions/MF_DiffuseSpecGloss.uasset" 526
"../../../Engine/Plugins/Interchange/Runtime/Content/gltf/MaterialFunctions/MF_DiffuseSpecGloss.uexp" 527
"../../../Engine/Plugins/Interchange/Runtime/Content/gltf/Textures/T_White_Linear.uasset" 528
"../../../Engine/Plugins/Interchange/Runtime/Content/gltf/Textures/T_White_Linear.uexp" 529
"../../../Engine/Plugins/Interchange/Runtime/Content/gltf/MaterialFunctions/MF_MetallicRoughness.uasset" 530
"../../../Engine/Plugins/Interchange/Runtime/Content/gltf/MaterialFunctions/MF_MetallicRoughness.uexp" 531
"../../../Engine/Plugins/Interchange/Runtime/Content/gltf/MaterialFunctions/MF_Transmission.uasset" 532
"../../../Engine/Plugins/Interchange/Runtime/Content/gltf/MaterialFunctions/MF_Transmission.uexp" 533
"../../../Engine/Plugins/Interchange/Runtime/Content/gltf/MaterialFunctions/MF_Occlusion.uasset" 534
"../../../Engine/Plugins/Interchange/Runtime/Content/gltf/MaterialFunctions/MF_Occlusion.uexp" 535
"../../../Engine/Content/Functions/Engine_MaterialFunctions02/Texturing/CustomRotator.uasset" 536
"../../../Engine/Content/Functions/Engine_MaterialFunctions02/Texturing/CustomRotator.uexp" 537
"../../../Engine/Content/Functions/Engine_MaterialFunctions02/Texturing/ScreenAlignedPixelToPixelUVs.uasset" 538
"../../../Engine/Content/Functions/Engine_MaterialFunctions02/Texturing/ScreenAlignedPixelToPixelUVs.uexp" 539
"../../../Engine/Plugins/Interchange/Runtime/Content/Utilities/T_Bayer64_Grayscale_64px.uasset" 540
"../../../Engine/Plugins/Interchange/Runtime/Content/Utilities/T_Bayer64_Grayscale_64px.uexp" 541
"../../../Engine/Plugins/Interchange/Runtime/Content/gltf/MaterialFunctions/MF_Temporal_Blur.uasset" 542
"../../../Engine/Plugins/Interchange/Runtime/Content/gltf/MaterialFunctions/MF_Temporal_Blur.uexp" 543
"../../../Engine/Plugins/Interchange/Runtime/Content/gltf/MaterialFunctions/MF_Specular.uasset" 544
"../../../Engine/Plugins/Interchange/Runtime/Content/gltf/MaterialFunctions/MF_Specular.uexp" 545
"../../../Engine/Plugins/Interchange/Runtime/Content/gltf/MaterialFunctions/MF_IOR.uasset" 546
"../../../Engine/Plugins/Interchange/Runtime/Content/gltf/MaterialFunctions/MF_IOR.uexp" 547
"../../../Engine/Plugins/Interchange/Runtime/Content/gltf/MaterialFunctions/MF_Fresnel_DS.uasset" 548
"../../../Engine/Plugins/Interchange/Runtime/Content/gltf/MaterialFunctions/MF_Fresnel_DS.uexp" 549
"../../../Engine/Content/Functions/Engine_MaterialFunctions01/Texturing/FlattenNormal.uasset" 550
"../../../Engine/Content/Functions/Engine_MaterialFunctions01/Texturing/FlattenNormal.uexp" 551
"../../../Engine/Content/Functions/Engine_MaterialFunctions02/Math/Transform3x3Matrix.uasset" 552
"../../../Engine/Content/Functions/Engine_MaterialFunctions02/Math/Transform3x3Matrix.uexp" 553
"../../../Engine/Plugins/Interchange/Runtime/Content/gltf/MaterialFunctions/MF_RotateNormals_TS.uasset" 554
"../../../Engine/Plugins/Interchange/Runtime/Content/gltf/MaterialFunctions/MF_RotateNormals_TS.uexp" 555
"../../../Engine/Plugins/Interchange/Runtime/Content/gltf/Textures/T_Generic_N.uasset" 556
"../../../Engine/Plugins/Interchange/Runtime/Content/gltf/Textures/T_Generic_N.uexp" 557
"../../../Engine/Plugins/Interchange/Runtime/Content/gltf/MaterialFunctions/MF_Normals.uasset" 558
"../../../Engine/Plugins/Interchange/Runtime/Content/gltf/MaterialFunctions/MF_Normals.uexp" 559
"../../../Engine/Content/Functions/Engine_MaterialFunctions02/Math/AddComponents.uasset" 560
"../../../Engine/Content/Functions/Engine_MaterialFunctions02/Math/AddComponents.uexp" 561
"../../../Engine/Plugins/Interchange/Runtime/Content/gltf/MaterialFunctions/MF_PerceivedBrightness.uasset" 562
"../../../Engine/Plugins/Interchange/Runtime/Content/gltf/MaterialFunctions/MF_PerceivedBrightness.uexp" 563
"../../../Engine/Plugins/Interchange/Runtime/Content/gltf/MaterialFunctions/MF_SpecGlossToMetalRoughness.uasset" 564
"../../../Engine/Plugins/Interchange/Runtime/Content/gltf/MaterialFunctions/MF_SpecGlossToMetalRoughness.uexp" 565
"../../../Engine/Plugins/Interchange/Runtime/Content/gltf/M_Transmission.uasset" 566
"../../../Engine/Plugins/Interchange/Runtime/Content/gltf/M_Transmission.uexp" 567
"../../../Engine/Plugins/Interchange/Runtime/Content/gltf/MaterialInstances_MR/MI_Transmission_TS.uasset" 568
"../../../Engine/Plugins/Interchange/Runtime/Content/gltf/MaterialInstances_MR/MI_Transmission_TS.uexp" 569
"../../../Engine/Plugins/Interchange/Runtime/Content/gltf/MaterialInstances_MR/MI_Transmission.uasset" 570
"../../../Engine/Plugins/Interchange/Runtime/Content/gltf/MaterialInstances_MR/MI_Transmission.uexp" 571
"../../../Engine/Plugins/Interchange/Runtime/Content/gltf/MaterialFunctions/MF_Clearcoat.uasset" 572
"../../../Engine/Plugins/Interchange/Runtime/Content/gltf/MaterialFunctions/MF_Clearcoat.uexp" 573
"../../../Engine/Plugins/Interchange/Runtime/Content/gltf/MaterialFunctions/MF_Emissive.uasset" 574
"../../../Engine/Plugins/Interchange/Runtime/Content/gltf/MaterialFunctions/MF_Emissive.uexp" 575
"../../../Engine/Plugins/Interchange/Runtime/Content/gltf/M_Translucent.uasset" 576
"../../../Engine/Plugins/Interchange/Runtime/Content/gltf/M_Translucent.uexp" 577
"../../../Engine/Plugins/Interchange/Runtime/Content/gltf/MaterialInstances_MR/MI_Translucent_TS.uasset" 578
"../../../Engine/Plugins/Interchange/Runtime/Content/gltf/MaterialInstances_MR/MI_Translucent_TS.uexp" 579
"../../../Engine/Plugins/Interchange/Runtime/Content/gltf/MaterialInstances_MR/MI_Translucent_ClearCoat_TS.uasset" 580
"../../../Engine/Plugins/Interchange/Runtime/Content/gltf/MaterialInstances_MR/MI_Translucent_ClearCoat_TS.uexp" 581
"../../../Engine/Plugins/Interchange/Runtime/Content/gltf/MaterialInstances_MR/MI_Translucent_ClearCoat.uasset" 582
"../../../Engine/Plugins/Interchange/Runtime/Content/gltf/MaterialInstances_MR/MI_Translucent_ClearCoat.uexp" 583
"../../../Engine/Plugins/Interchange/Runtime/Content/gltf/MaterialInstances_MR/MI_Translucent.uasset" 584
"../../../Engine/Plugins/Interchange/Runtime/Content/gltf/MaterialInstances_MR/MI_Translucent.uexp" 585
"../../../Engine/Plugins/Interchange/Runtime/Content/gltf/M_Unlit.uasset" 586
"../../../Engine/Plugins/Interchange/Runtime/Content/gltf/M_Unlit.uexp" 587
"../../../Engine/Plugins/Interchange/Runtime/Content/gltf/MaterialInstances_MR/MI_Opaque_Unlit_TS.uasset" 588
"../../../Engine/Plugins/Interchange/Runtime/Content/gltf/MaterialInstances_MR/MI_Opaque_Unlit_TS.uexp" 589
"../../../Engine/Plugins/Interchange/Runtime/Content/gltf/MaterialInstances_MR/MI_Opaque_Unlit.uasset" 590
"../../../Engine/Plugins/Interchange/Runtime/Content/gltf/MaterialInstances_MR/MI_Opaque_Unlit.uexp" 591
"../../../Engine/Plugins/Interchange/Runtime/Content/gltf/M_Opaque.uasset" 592
"../../../Engine/Plugins/Interchange/Runtime/Content/gltf/M_Opaque.uexp" 593
"../../../Engine/Plugins/Interchange/Runtime/Content/gltf/MaterialInstances_MR/MI_Opaque_TS.uasset" 594
"../../../Engine/Plugins/Interchange/Runtime/Content/gltf/MaterialInstances_MR/MI_Opaque_TS.uexp" 595
"../../../Engine/Plugins/Interchange/Runtime/Content/gltf/MaterialFunctions/MF_Sheen.uasset" 596
"../../../Engine/Plugins/Interchange/Runtime/Content/gltf/MaterialFunctions/MF_Sheen.uexp" 597
"../../../Engine/Content/Functions/Engine_MaterialFunctions01/Shading/FuzzyShading.uasset" 598
"../../../Engine/Content/Functions/Engine_MaterialFunctions01/Shading/FuzzyShading.uexp" 599
"../../../Engine/Plugins/Interchange/Runtime/Content/gltf/M_Sheen.uasset" 600
"../../../Engine/Plugins/Interchange/Runtime/Content/gltf/M_Sheen.uexp" 601
"../../../Engine/Plugins/Interchange/Runtime/Content/gltf/MaterialInstances_MR/MI_Opaque_Sheen_TS.uasset" 602
"../../../Engine/Plugins/Interchange/Runtime/Content/gltf/MaterialInstances_MR/MI_Opaque_Sheen_TS.uexp" 603
"../../../Engine/Plugins/Interchange/Runtime/Content/gltf/MaterialInstances_SG/MI_Transmission_TS.uasset" 604
"../../../Engine/Plugins/Interchange/Runtime/Content/gltf/MaterialInstances_SG/MI_Transmission_TS.uexp" 605
"../../../Engine/Plugins/Interchange/Runtime/Content/gltf/MaterialInstances_SG/MI_Transmission.uasset" 606
"../../../Engine/Plugins/Interchange/Runtime/Content/gltf/MaterialInstances_SG/MI_Transmission.uexp" 607
"../../../Engine/Plugins/Interchange/Runtime/Content/gltf/MaterialInstances_SG/MI_Translucent_TS.uasset" 608
"../../../Engine/Plugins/Interchange/Runtime/Content/gltf/MaterialInstances_SG/MI_Translucent_TS.uexp" 609
"../../../Engine/Plugins/Interchange/Runtime/Content/gltf/MaterialInstances_SG/MI_Translucent_ClearCoat_TS.uasset" 610
"../../../Engine/Plugins/Interchange/Runtime/Content/gltf/MaterialInstances_SG/MI_Translucent_ClearCoat_TS.uexp" 611
"../../../Engine/Plugins/Interchange/Runtime/Content/gltf/MaterialInstances_SG/MI_Translucent_ClearCoat.uasset" 612
"../../../Engine/Plugins/Interchange/Runtime/Content/gltf/MaterialInstances_SG/MI_Translucent_ClearCoat.uexp" 613
"../../../Engine/Plugins/Interchange/Runtime/Content/gltf/MaterialInstances_SG/MI_Translucent.uasset" 614
"../../../Engine/Plugins/Interchange/Runtime/Content/gltf/MaterialInstances_SG/MI_Translucent.uexp" 615
"../../../Engine/Plugins/Interchange/Runtime/Content/gltf/MaterialInstances_SG/MI_Opaque_TS.uasset" 616
"../../../Engine/Plugins/Interchange/Runtime/Content/gltf/MaterialInstances_SG/MI_Opaque_TS.uexp" 617
"../../../Engine/Plugins/Interchange/Runtime/Content/gltf/MaterialInstances_SG/MI_Opaque_Sheen_TS.uasset" 618
"../../../Engine/Plugins/Interchange/Runtime/Content/gltf/MaterialInstances_SG/MI_Opaque_Sheen_TS.uexp" 619
"../../../Engine/Plugins/Interchange/Runtime/Content/gltf/MaterialInstances_SG/MI_Opaque_Sheen.uasset" 620
"../../../Engine/Plugins/Interchange/Runtime/Content/gltf/MaterialInstances_SG/MI_Opaque_Sheen.uexp" 621
"../../../Engine/Plugins/Interchange/Runtime/Content/gltf/MaterialInstances_SG/MI_Opaque_ClearCoat_TS.uasset" 622
"../../../Engine/Plugins/Interchange/Runtime/Content/gltf/MaterialInstances_SG/MI_Opaque_ClearCoat_TS.uexp" 623
"../../../Engine/Plugins/Interchange/Runtime/Content/gltf/MaterialInstances_SG/MI_Opaque_ClearCoat.uasset" 624
"../../../Engine/Plugins/Interchange/Runtime/Content/gltf/MaterialInstances_SG/MI_Opaque_ClearCoat.uexp" 625
"../../../Engine/Plugins/Interchange/Runtime/Content/gltf/MaterialInstances_SG/MI_Opaque.uasset" 626
"../../../Engine/Plugins/Interchange/Runtime/Content/gltf/MaterialInstances_SG/MI_Opaque.uexp" 627
"../../../Engine/Plugins/Interchange/Runtime/Content/gltf/MaterialInstances_MR/MI_Opaque_Sheen.uasset" 628
"../../../Engine/Plugins/Interchange/Runtime/Content/gltf/MaterialInstances_MR/MI_Opaque_Sheen.uexp" 629
"../../../Engine/Plugins/Interchange/Runtime/Content/gltf/MaterialInstances_MR/MI_Opaque_ClearCoat_TS.uasset" 630
"../../../Engine/Plugins/Interchange/Runtime/Content/gltf/MaterialInstances_MR/MI_Opaque_ClearCoat_TS.uexp" 631
"../../../Engine/Plugins/Interchange/Runtime/Content/gltf/MaterialInstances_MR/MI_Opaque_ClearCoat.uasset" 632
"../../../Engine/Plugins/Interchange/Runtime/Content/gltf/MaterialInstances_MR/MI_Opaque_ClearCoat.uexp" 633
"../../../Engine/Plugins/Interchange/Runtime/Content/gltf/MaterialInstances_MR/MI_Opaque.uasset" 634
"../../../Engine/Plugins/Interchange/Runtime/Content/gltf/MaterialInstances_MR/MI_Opaque.uexp" 635
"../../../Engine/Content/Functions/Engine_MaterialFunctions02/WorldPositionOffset/V2/ObjectScale.uasset" 636
"../../../Engine/Content/Functions/Engine_MaterialFunctions02/WorldPositionOffset/V2/ObjectScale.uexp" 637
"../../../Engine/Plugins/Interchange/Runtime/Content/gltf/MaterialFunctions/MF_TransmissionOpacity.uasset" 638
"../../../Engine/Plugins/Interchange/Runtime/Content/gltf/MaterialFunctions/MF_TransmissionOpacity.uexp" 639
"../../../Engine/Plugins/Interchange/Runtime/Content/Functions/MX_Transmission.uasset" 640
"../../../Engine/Plugins/Interchange/Runtime/Content/Functions/MX_Transmission.uexp" 641
"../../../Engine/Plugins/Interchange/Runtime/Content/Functions/MX_StandardSurface.uasset" 642
"../../../Engine/Plugins/Interchange/Runtime/Content/Functions/MX_StandardSurface.uexp" 643
"../../../Engine/Plugins/Interchange/Runtime/Content/Functions/MX_TransmissionSurface.uasset" 644
"../../../Engine/Plugins/Interchange/Runtime/Content/Functions/MX_TransmissionSurface.uexp" 645
"D:/ALLMYFAVORITES/Chaser/ChaserGame/Content/Sound/Zach/SFX_GettingFaster_Zach.uasset" 646
"D:/ALLMYFAVORITES/Chaser/ChaserGame/Content/Sound/Zach/SFX_GettingFaster_Zach.uexp" 647
"D:/ALLMYFAVORITES/Chaser/ChaserGame/Content/Sound/Zach/SFX_GettingFaster_Zach_Cue.uasset" 648
"D:/ALLMYFAVORITES/Chaser/ChaserGame/Content/Sound/Zach/SFX_GettingFaster_Zach_Cue.uexp" 649
"D:/ALLMYFAVORITES/Chaser/ChaserGame/Content/Input/IA_Jump.uasset" 650
"D:/ALLMYFAVORITES/Chaser/ChaserGame/Content/Input/IA_Jump.uexp" 651
"D:/ALLMYFAVORITES/Chaser/ChaserGame/Content/Game/Enums/EBoostOfSpeedState.uasset" 652
"D:/ALLMYFAVORITES/Chaser/ChaserGame/Content/Game/Enums/EBoostOfSpeedState.uexp" 653
"D:/ALLMYFAVORITES/Chaser/ChaserGame/Content/Chase/HUD/BOS.uasset" 654
"D:/ALLMYFAVORITES/Chaser/ChaserGame/Content/Chase/HUD/BOS.uexp" 655
"D:/ALLMYFAVORITES/Chaser/ChaserGame/Content/Input/IA_Forward.uasset" 656
"D:/ALLMYFAVORITES/Chaser/ChaserGame/Content/Input/IA_Forward.uexp" 657
"D:/ALLMYFAVORITES/Chaser/ChaserGame/Content/Input/IA_Left.uasset" 658
"D:/ALLMYFAVORITES/Chaser/ChaserGame/Content/Input/IA_Left.uexp" 659
"D:/ALLMYFAVORITES/Chaser/ChaserGame/Content/Sound/AI/SFX_Sparks.uasset" 660
"D:/ALLMYFAVORITES/Chaser/ChaserGame/Content/Sound/AI/SFX_Sparks.uexp" 661
"D:/ALLMYFAVORITES/Chaser/ChaserGame/Content/Sound/AI/SFX_Sparks2.uasset" 662
"D:/ALLMYFAVORITES/Chaser/ChaserGame/Content/Sound/AI/SFX_Sparks2.uexp" 663
"D:/ALLMYFAVORITES/Chaser/ChaserGame/Content/Sound/AI/SFX_Sparks_Cue.uasset" 664
"D:/ALLMYFAVORITES/Chaser/ChaserGame/Content/Sound/AI/SFX_Sparks_Cue.uexp" 665
"../../../Engine/Content/BasicShapes/Sphere.uasset" 666
"../../../Engine/Content/BasicShapes/Sphere.uexp" 667
"D:/ALLMYFAVORITES/Chaser/ChaserGame/Content/Sound/SFX_Hit.uasset" 668
"D:/ALLMYFAVORITES/Chaser/ChaserGame/Content/Sound/SFX_Hit.uexp" 669
"D:/ALLMYFAVORITES/Chaser/ChaserGame/Content/Sound/SFX_Hit_Cue.uasset" 670
"D:/ALLMYFAVORITES/Chaser/ChaserGame/Content/Sound/SFX_Hit_Cue.uexp" 671
"../../../Engine/Content/EngineMaterials/DefaultDecalMaterial.uasset" 672
"../../../Engine/Content/EngineMaterials/DefaultDecalMaterial.uexp" 673
"D:/ALLMYFAVORITES/Chaser/ChaserGame/Content/UI/Meshes/DizzyDistraction/Dizzy_Distraction_Pawn.uasset" 674
"D:/ALLMYFAVORITES/Chaser/ChaserGame/Content/UI/Meshes/DizzyDistraction/Dizzy_Distraction_Pawn.uexp" 675
"D:/ALLMYFAVORITES/Chaser/ChaserGame/Content/Sound/AI/SFX_AI_IWillGetYou.uasset" 676
"D:/ALLMYFAVORITES/Chaser/ChaserGame/Content/Sound/AI/SFX_AI_IWillGetYou.uexp" 677
"D:/ALLMYFAVORITES/Chaser/ChaserGame/Content/Sound/AI/SFX_AI_IWillGetYou_Cue.uasset" 678
"D:/ALLMYFAVORITES/Chaser/ChaserGame/Content/Sound/AI/SFX_AI_IWillGetYou_Cue.uexp" 679
"D:/ALLMYFAVORITES/Chaser/ChaserGame/Content/Mannequin/Character/Mesh/UE4_Mannequin_Skeleton.uasset" 680
"D:/ALLMYFAVORITES/Chaser/ChaserGame/Content/Mannequin/Character/Mesh/UE4_Mannequin_Skeleton.uexp" 681
"D:/ALLMYFAVORITES/Chaser/ChaserGame/Content/Mannequin/Animations/ThirdPersonWalk.uasset" 682
"D:/ALLMYFAVORITES/Chaser/ChaserGame/Content/Mannequin/Animations/ThirdPersonWalk.uexp" 683
"../../../Engine/Content/Animation/DefaultAnimCurveCompressionSettings.uasset" 684
"../../../Engine/Content/Animation/DefaultAnimCurveCompressionSettings.uexp" 685
"D:/ALLMYFAVORITES/Chaser/ChaserGame/Content/Sound/Footsteps/SFX_Grass_Footstep.uasset" 686
"D:/ALLMYFAVORITES/Chaser/ChaserGame/Content/Sound/Footsteps/SFX_Grass_Footstep.uexp" 687
"D:/ALLMYFAVORITES/Chaser/ChaserGame/Content/Sound/Footsteps/SFX_Grass_Footstep_Cue.uasset" 688
"D:/ALLMYFAVORITES/Chaser/ChaserGame/Content/Sound/Footsteps/SFX_Grass_Footstep_Cue.uexp" 689
"../../../Engine/Content/Animation/DefaultAnimBoneCompressionSettings.uasset" 690
"../../../Engine/Content/Animation/DefaultAnimBoneCompressionSettings.uexp" 691
"D:/ALLMYFAVORITES/Chaser/ChaserGame/Content/Mannequin/Animations/ThirdPersonRun.uasset" 692
"D:/ALLMYFAVORITES/Chaser/ChaserGame/Content/Mannequin/Animations/ThirdPersonRun.uexp" 693
"D:/ALLMYFAVORITES/Chaser/ChaserGame/Content/Mannequin/Animations/ThirdPersonIdle.uasset" 694
"D:/ALLMYFAVORITES/Chaser/ChaserGame/Content/Mannequin/Animations/ThirdPersonIdle.uexp" 695
"D:/ALLMYFAVORITES/Chaser/ChaserGame/Content/Mannequin/Animations/ThirdPerson_IdleRun_2D.uasset" 696
"D:/ALLMYFAVORITES/Chaser/ChaserGame/Content/Mannequin/Animations/ThirdPerson_IdleRun_2D.uexp" 697
"D:/ALLMYFAVORITES/Chaser/ChaserGame/Content/Mannequin/Animations/ThirdPerson_Jump.uasset" 698
"D:/ALLMYFAVORITES/Chaser/ChaserGame/Content/Mannequin/Animations/ThirdPerson_Jump.uexp" 699
"D:/ALLMYFAVORITES/Chaser/ChaserGame/Content/Sound/Jump/SFX_Jump.uasset" 700
"D:/ALLMYFAVORITES/Chaser/ChaserGame/Content/Sound/Jump/SFX_Jump.uexp" 701
"D:/ALLMYFAVORITES/Chaser/ChaserGame/Content/Sound/Jump/SFX_Jump_Cue.uasset" 702
"D:/ALLMYFAVORITES/Chaser/ChaserGame/Content/Sound/Jump/SFX_Jump_Cue.uexp" 703
"D:/ALLMYFAVORITES/Chaser/ChaserGame/Content/Mannequin/Animations/ThirdPersonJump_Start.uasset" 704
"D:/ALLMYFAVORITES/Chaser/ChaserGame/Content/Mannequin/Animations/ThirdPersonJump_Start.uexp" 705
"D:/ALLMYFAVORITES/Chaser/ChaserGame/Content/Mannequin/Animations/ThirdPersonJump_Loop.uasset" 706
"D:/ALLMYFAVORITES/Chaser/ChaserGame/Content/Mannequin/Animations/ThirdPersonJump_Loop.uexp" 707
"../../../Engine/Content/EditorBlueprintResources/StandardMacros.uasset" 708
"../../../Engine/Content/EditorBlueprintResources/StandardMacros.uexp" 709
"D:/ALLMYFAVORITES/Chaser/ChaserGame/Content/Mannequin/Animations/ThirdPerson_AnimBP.uasset" 710
"D:/ALLMYFAVORITES/Chaser/ChaserGame/Content/Mannequin/Animations/ThirdPerson_AnimBP.uexp" 711
"D:/ALLMYFAVORITES/Chaser/ChaserGame/Content/Sound/AI/SFX_AI_Panting.uasset" 712
"D:/ALLMYFAVORITES/Chaser/ChaserGame/Content/Sound/AI/SFX_AI_Panting.uexp" 713
"D:/ALLMYFAVORITES/Chaser/ChaserGame/Content/Sound/AI/SFX_AI_Panting_Cue.uasset" 714
"D:/ALLMYFAVORITES/Chaser/ChaserGame/Content/Sound/AI/SFX_AI_Panting_Cue.uexp" 715
"D:/ALLMYFAVORITES/Chaser/ChaserGame/Content/UI/Textures/N_DC.uasset" 716
"D:/ALLMYFAVORITES/Chaser/ChaserGame/Content/UI/Textures/N_DC.uexp" 717
"D:/ALLMYFAVORITES/Chaser/ChaserGame/Content/UI/Textures/T_DC.uasset" 718
"D:/ALLMYFAVORITES/Chaser/ChaserGame/Content/UI/Textures/T_DC.uexp" 719
"D:/ALLMYFAVORITES/Chaser/ChaserGame/Content/Materials/Masters/M_Master.uasset" 720
"D:/ALLMYFAVORITES/Chaser/ChaserGame/Content/Materials/Masters/M_Master.uexp" 721
"D:/ALLMYFAVORITES/Chaser/ChaserGame/Content/UI/Materials/Materials/Chanser/MI_Chanser.uasset" 722
"D:/ALLMYFAVORITES/Chaser/ChaserGame/Content/UI/Materials/Materials/Chanser/MI_Chanser.uexp" 723
"../../../Engine/Content/BasicShapes/BasicShapeMaterial.uasset" 724
"../../../Engine/Content/BasicShapes/BasicShapeMaterial.uexp" 725
"D:/ALLMYFAVORITES/Chaser/ChaserGame/Content/Materials/Masters/M_Master_Glower.uasset" 726
"D:/ALLMYFAVORITES/Chaser/ChaserGame/Content/Materials/Masters/M_Master_Glower.uexp" 727
"D:/ALLMYFAVORITES/Chaser/ChaserGame/Content/UI/PS/Materials/MI_Sprint_Trail.uasset" 728
"D:/ALLMYFAVORITES/Chaser/ChaserGame/Content/UI/PS/Materials/MI_Sprint_Trail.uexp" 729
"D:/ALLMYFAVORITES/Chaser/ChaserGame/Content/UI/PS/Materials/MI_Sprint_Sparks.uasset" 730
"D:/ALLMYFAVORITES/Chaser/ChaserGame/Content/UI/PS/Materials/MI_Sprint_Sparks.uexp" 731
"D:/ALLMYFAVORITES/Chaser/ChaserGame/Content/UI/PS/PS_SprintParticles.uasset" 732
"D:/ALLMYFAVORITES/Chaser/ChaserGame/Content/UI/PS/PS_SprintParticles.uexp" 733
"D:/ALLMYFAVORITES/Chaser/ChaserGame/Content/Chase/HUD/EndGameScreen.uasset" 734
"D:/ALLMYFAVORITES/Chaser/ChaserGame/Content/Chase/HUD/EndGameScreen.uexp" 735
"D:/ALLMYFAVORITES/Chaser/ChaserGame/Content/Sound/AI/SFX_AI_GettingFaster.uasset" 736
"D:/ALLMYFAVORITES/Chaser/ChaserGame/Content/Sound/AI/SFX_AI_GettingFaster.uexp" 737
"D:/ALLMYFAVORITES/Chaser/ChaserGame/Content/Sound/AI/SFX_AI_GettingFaster_Cue.uasset" 738
"D:/ALLMYFAVORITES/Chaser/ChaserGame/Content/Sound/AI/SFX_AI_GettingFaster_Cue.uexp" 739
"D:/ALLMYFAVORITES/Chaser/ChaserGame/Content/UI/Textures/Chaser_CShop.uasset" 740
"D:/ALLMYFAVORITES/Chaser/ChaserGame/Content/UI/Textures/Chaser_CShop.uexp" 741
"D:/ALLMYFAVORITES/Chaser/ChaserGame/Content/UI/Materials/Materials/Crawler/M_Crawler_CShop.uasset" 742
"D:/ALLMYFAVORITES/Chaser/ChaserGame/Content/UI/Materials/Materials/Crawler/M_Crawler_CShop.uexp" 743
"D:/ALLMYFAVORITES/Chaser/ChaserGame/Content/UI/E1RTGGFTS78/Images/Dizzy/Dizzy_Stars_Chaser_Advanced.uasset" 744
"D:/ALLMYFAVORITES/Chaser/ChaserGame/Content/UI/E1RTGGFTS78/Images/Dizzy/Dizzy_Stars_Chaser_Advanced.uexp" 745
"D:/ALLMYFAVORITES/Chaser/ChaserGame/Content/Chase/HUD/DizzyTimerAndState.uasset" 746
"D:/ALLMYFAVORITES/Chaser/ChaserGame/Content/Chase/HUD/DizzyTimerAndState.uexp" 747
"../../../Engine/Content/Functions/Engine_MaterialFunctions02/Utility/BlendAngleCorrectedNormals.uasset" 748
"../../../Engine/Content/Functions/Engine_MaterialFunctions02/Utility/BlendAngleCorrectedNormals.uexp" 749
"D:/ALLMYFAVORITES/Chaser/ChaserGame/Content/Mannequin/Character/Textures/T_Male_Mask.uasset" 750
"D:/ALLMYFAVORITES/Chaser/ChaserGame/Content/Mannequin/Character/Textures/T_Male_Mask.uexp" 751
"D:/ALLMYFAVORITES/Chaser/ChaserGame/Content/Mannequin/Character/Materials/MaterialLayers/T_ML_Aluminum01_N.uasset" 752
"D:/ALLMYFAVORITES/Chaser/ChaserGame/Content/Mannequin/Character/Materials/MaterialLayers/T_ML_Aluminum01_N.uexp" 753
"../../../Engine/Content/Functions/MaterialLayerFunctions/MatLayerBlend_NormalBlend.uasset" 754
"../../../Engine/Content/Functions/MaterialLayerFunctions/MatLayerBlend_NormalBlend.uexp" 755
"D:/ALLMYFAVORITES/Chaser/ChaserGame/Content/Mannequin/Character/Materials/MaterialLayers/ML_Plastic_Shiny_Beige.uasset" 756
"D:/ALLMYFAVORITES/Chaser/ChaserGame/Content/Mannequin/Character/Materials/MaterialLayers/ML_Plastic_Shiny_Beige.uexp" 757
"D:/ALLMYFAVORITES/Chaser/ChaserGame/Content/Mannequin/Character/Materials/MaterialLayers/T_ML_Aluminum01.uasset" 758
"D:/ALLMYFAVORITES/Chaser/ChaserGame/Content/Mannequin/Character/Materials/MaterialLayers/T_ML_Aluminum01.uexp" 759
"D:/ALLMYFAVORITES/Chaser/ChaserGame/Content/Mannequin/Character/Textures/T_UE4Logo_Mask.uasset" 760
"D:/ALLMYFAVORITES/Chaser/ChaserGame/Content/Mannequin/Character/Textures/T_UE4Logo_Mask.uexp" 761
"D:/ALLMYFAVORITES/Chaser/ChaserGame/Content/Mannequin/Character/Materials/MaterialLayers/ML_Plastic_Shiny_Beige_LOGO.uasset" 762
"D:/ALLMYFAVORITES/Chaser/ChaserGame/Content/Mannequin/Character/Materials/MaterialLayers/ML_Plastic_Shiny_Beige_LOGO.uexp" 763
"../../../Engine/Content/Functions/MaterialLayerFunctions/MatLayerBlend_Simple.uasset" 764
"../../../Engine/Content/Functions/MaterialLayerFunctions/MatLayerBlend_Simple.uexp" 765
"D:/ALLMYFAVORITES/Chaser/ChaserGame/Content/Mannequin/Character/Materials/MaterialLayers/T_ML_Rubber_Blue_01_N.uasset" 766
"D:/ALLMYFAVORITES/Chaser/ChaserGame/Content/Mannequin/Character/Materials/MaterialLayers/T_ML_Rubber_Blue_01_N.uexp" 767
"D:/ALLMYFAVORITES/Chaser/ChaserGame/Content/Mannequin/Character/Materials/MaterialLayers/ML_SoftMetal_UE4.uasset" 768
"D:/ALLMYFAVORITES/Chaser/ChaserGame/Content/Mannequin/Character/Materials/MaterialLayers/ML_SoftMetal_UE4.uexp" 769
"D:/ALLMYFAVORITES/Chaser/ChaserGame/Content/Mannequin/Character/Materials/MaterialLayers/T_ML_Rubber_Blue_01_D.uasset" 770
"D:/ALLMYFAVORITES/Chaser/ChaserGame/Content/Mannequin/Character/Materials/MaterialLayers/T_ML_Rubber_Blue_01_D.uexp" 771
"D:/ALLMYFAVORITES/Chaser/ChaserGame/Content/Mannequin/Character/Materials/MaterialLayers/ML_GlossyBlack_Latex_UE4.uasset" 772
"D:/ALLMYFAVORITES/Chaser/ChaserGame/Content/Mannequin/Character/Materials/MaterialLayers/ML_GlossyBlack_Latex_UE4.uexp" 773
"D:/ALLMYFAVORITES/Chaser/ChaserGame/Content/Mannequin/Character/Textures/T_Male_N.uasset" 774
"D:/ALLMYFAVORITES/Chaser/ChaserGame/Content/Mannequin/Character/Textures/T_Male_N.uexp" 775
"D:/ALLMYFAVORITES/Chaser/ChaserGame/Content/Mannequin/Character/Materials/M_Male_Body.uasset" 776
"D:/ALLMYFAVORITES/Chaser/ChaserGame/Content/Mannequin/Character/Materials/M_Male_Body.uexp" 777
"D:/ALLMYFAVORITES/Chaser/ChaserGame/Content/Mannequin/Character/Textures/T_UE4Logo_N.uasset" 778
"D:/ALLMYFAVORITES/Chaser/ChaserGame/Content/Mannequin/Character/Textures/T_UE4Logo_N.uexp" 779
"D:/ALLMYFAVORITES/Chaser/ChaserGame/Content/Mannequin/Character/Materials/M_UE4Man_ChestLogo.uasset" 780
"D:/ALLMYFAVORITES/Chaser/ChaserGame/Content/Mannequin/Character/Materials/M_UE4Man_ChestLogo.uexp" 781
"D:/ALLMYFAVORITES/Chaser/ChaserGame/Content/Mannequin/Character/Mesh/SK_Mannequin_PhysicsAsset.uasset" 782
"D:/ALLMYFAVORITES/Chaser/ChaserGame/Content/Mannequin/Character/Mesh/SK_Mannequin_PhysicsAsset.uexp" 783
"D:/ALLMYFAVORITES/Chaser/ChaserGame/Content/Mannequin/Character/Mesh/SK_Mannequin.uasset" 784
"D:/ALLMYFAVORITES/Chaser/ChaserGame/Content/Mannequin/Character/Mesh/SK_Mannequin.uexp" 785
"D:/ALLMYFAVORITES/Chaser/ChaserGame/Content/AI/CID_NPC_A_Chanser.uasset" 786
"D:/ALLMYFAVORITES/Chaser/ChaserGame/Content/AI/CID_NPC_A_Chanser.uexp" 787
"D:/ALLMYFAVORITES/Chaser/ChaserGame/Content/Chase/HUD/Timer.uasset" 788
"D:/ALLMYFAVORITES/Chaser/ChaserGame/Content/Chase/HUD/Timer.uexp" 789
"D:/ALLMYFAVORITES/Chaser/ChaserGame/Content/Chase/HUD/WeaponSlots.uasset" 790
"D:/ALLMYFAVORITES/Chaser/ChaserGame/Content/Chase/HUD/WeaponSlots.uexp" 791
"D:/ALLMYFAVORITES/Chaser/ChaserGame/Content/UI/Meshes/ChaserBus/Chaser_Bus.uasset" 792
"D:/ALLMYFAVORITES/Chaser/ChaserGame/Content/UI/Meshes/ChaserBus/Chaser_Bus.uexp" 793
"D:/ALLMYFAVORITES/Chaser/ChaserGame/Content/Gamemodes/WorldAssets/Gamemodes/Instances/ChaserGameInstance.uasset" 794
"D:/ALLMYFAVORITES/Chaser/ChaserGame/Content/Gamemodes/WorldAssets/Gamemodes/Instances/ChaserGameInstance.uexp" 795
"D:/ALLMYFAVORITES/Chaser/ChaserGame/Content/Chase/HUD/HealthAndShield.uasset" 796
"D:/ALLMYFAVORITES/Chaser/ChaserGame/Content/Chase/HUD/HealthAndShield.uexp" 797
"D:/ALLMYFAVORITES/Chaser/ChaserGame/Content/Gamemodes/Game/PlayerController/ChaserPlayerController.uasset" 798
"D:/ALLMYFAVORITES/Chaser/ChaserGame/Content/Gamemodes/Game/PlayerController/ChaserPlayerController.uexp" 799
"D:/ALLMYFAVORITES/Chaser/ChaserGame/Content/UI/Meshes/ChaserBus/Chaser_Bus_Material.uasset" 800
"D:/ALLMYFAVORITES/Chaser/ChaserGame/Content/UI/Meshes/ChaserBus/Chaser_Bus_Material.uexp" 801
"D:/ALLMYFAVORITES/Chaser/ChaserGame/Content/Game/ChaserPOVCamera/ChaserPOVCamera.uasset" 802
"D:/ALLMYFAVORITES/Chaser/ChaserGame/Content/Game/ChaserPOVCamera/ChaserPOVCamera.uexp" 803
"D:/ALLMYFAVORITES/Chaser/ChaserGame/Content/Sound/SFX_NewChaserIncoming.uasset" 804
"D:/ALLMYFAVORITES/Chaser/ChaserGame/Content/Sound/SFX_NewChaserIncoming.uexp" 805
"D:/ALLMYFAVORITES/Chaser/ChaserGame/Content/Sound/SFX_NewChaserIncoming_Cue.uasset" 806
"D:/ALLMYFAVORITES/Chaser/ChaserGame/Content/Sound/SFX_NewChaserIncoming_Cue.uexp" 807
"D:/ALLMYFAVORITES/Chaser/ChaserGame/Content/UI/Textures/Chaser_Crawler_Texture.uasset" 808
"D:/ALLMYFAVORITES/Chaser/ChaserGame/Content/UI/Textures/Chaser_Crawler_Texture.uexp" 809
"D:/ALLMYFAVORITES/Chaser/ChaserGame/Content/UI/Materials/Materials/Crawler/M_Crawler_Main.uasset" 810
"D:/ALLMYFAVORITES/Chaser/ChaserGame/Content/UI/Materials/Materials/Crawler/M_Crawler_Main.uexp" 811
"D:/ALLMYFAVORITES/Chaser/ChaserGame/Content/AI/CID_NPC_A_Chaser.uasset" 812
"D:/ALLMYFAVORITES/Chaser/ChaserGame/Content/AI/CID_NPC_A_Chaser.uexp" 813
"D:/ALLMYFAVORITES/Chaser/ChaserGame/Content/Chase/HUD/VictoryRoyale.uasset" 814
"D:/ALLMYFAVORITES/Chaser/ChaserGame/Content/Chase/HUD/VictoryRoyale.uexp" 815
"D:/ALLMYFAVORITES/Chaser/ChaserGame/Content/Chase/HUD/Last1Minute.uasset" 816
"D:/ALLMYFAVORITES/Chaser/ChaserGame/Content/Chase/HUD/Last1Minute.uexp" 817
"D:/ALLMYFAVORITES/Chaser/ChaserGame/Content/UI/Meshes/ChaserBus/Chaser_Bus_Pawn.uasset" 818
"D:/ALLMYFAVORITES/Chaser/ChaserGame/Content/UI/Meshes/ChaserBus/Chaser_Bus_Pawn.uexp" 819
"D:/ALLMYFAVORITES/Chaser/ChaserGame/Content/Input/IA_MouseX.uasset" 820
"D:/ALLMYFAVORITES/Chaser/ChaserGame/Content/Input/IA_MouseX.uexp" 821
"../../../Engine/Content/EngineResources/Bad.uasset" 822
"../../../Engine/Content/EngineResources/Bad.uexp" 823
"../../../Engine/Content/ArtTools/RenderToTexture/Textures/127grey.uasset" 824
"../../../Engine/Content/ArtTools/RenderToTexture/Textures/127grey.uexp" 825
"../../../Engine/Content/EngineResources/Black_Low.uasset" 826
"../../../Engine/Content/EngineResources/Black_Low.uexp" 827
"D:/ALLMYFAVORITES/Chaser/ChaserGame/Content/Chase/HUD/WinScreen.uasset" 828
"D:/ALLMYFAVORITES/Chaser/ChaserGame/Content/Chase/HUD/WinScreen.uexp" 829
"D:/ALLMYFAVORITES/Chaser/ChaserGame/Content/Chase/HUD/AdvancedOptions.uasset" 830
"D:/ALLMYFAVORITES/Chaser/ChaserGame/Content/Chase/HUD/AdvancedOptions.uexp" 831
"D:/ALLMYFAVORITES/Chaser/ChaserGame/Content/Chase/HUD/Options.uasset" 832
"D:/ALLMYFAVORITES/Chaser/ChaserGame/Content/Chase/HUD/Options.uexp" 833
"D:/ALLMYFAVORITES/Chaser/ChaserGame/Content/Input/IA_Backward.uasset" 834
"D:/ALLMYFAVORITES/Chaser/ChaserGame/Content/Input/IA_Backward.uexp" 835
"D:/ALLMYFAVORITES/Chaser/ChaserGame/Content/Chase/HUD/SpaceToGlide.uasset" 836
"D:/ALLMYFAVORITES/Chaser/ChaserGame/Content/Chase/HUD/SpaceToGlide.uexp" 837
"D:/ALLMYFAVORITES/Chaser/ChaserGame/Content/Chase/HUD/Ping.uasset" 838
"D:/ALLMYFAVORITES/Chaser/ChaserGame/Content/Chase/HUD/Ping.uexp" 839
"D:/ALLMYFAVORITES/Chaser/ChaserGame/Content/Chase/HUD/EToOpen.uasset" 840
"D:/ALLMYFAVORITES/Chaser/ChaserGame/Content/Chase/HUD/EToOpen.uexp" 841
"D:/ALLMYFAVORITES/Chaser/ChaserGame/Content/Input/IA_BOS.uasset" 842
"D:/ALLMYFAVORITES/Chaser/ChaserGame/Content/Input/IA_BOS.uexp" 843
"../../../Engine/Content/EditorSounds/Notifications/CompileFailed.uasset" 844
"../../../Engine/Content/EditorSounds/Notifications/CompileFailed.uexp" 845
"../../../Engine/Content/EditorSounds/Notifications/CompileFailed_Cue.uasset" 846
"../../../Engine/Content/EditorSounds/Notifications/CompileFailed_Cue.uexp" 847
"D:/ALLMYFAVORITES/Chaser/ChaserGame/Content/Input/IA_Right.uasset" 848
"D:/ALLMYFAVORITES/Chaser/ChaserGame/Content/Input/IA_Right.uexp" 849
"D:/ALLMYFAVORITES/Chaser/ChaserGame/Content/CSG/ChaserSystemFunctions/GameSystemsFunctions.uasset" 850
"D:/ALLMYFAVORITES/Chaser/ChaserGame/Content/CSG/ChaserSystemFunctions/GameSystemsFunctions.uexp" 851
"D:/ALLMYFAVORITES/Chaser/ChaserGame/Content/Input/IA_MouseY.uasset" 852
"D:/ALLMYFAVORITES/Chaser/ChaserGame/Content/Input/IA_MouseY.uexp" 853
"D:/ALLMYFAVORITES/Chaser/ChaserGame/Content/Chase/HUD/FPS.uasset" 854
"D:/ALLMYFAVORITES/Chaser/ChaserGame/Content/Chase/HUD/FPS.uexp" 855
"D:/ALLMYFAVORITES/Chaser/ChaserGame/Content/UI/Meshes/handwhip/Plugins/ChaserHandWhip.uasset" 856
"D:/ALLMYFAVORITES/Chaser/ChaserGame/Content/UI/Meshes/handwhip/Plugins/ChaserHandWhip.uexp" 857
"D:/ALLMYFAVORITES/Chaser/ChaserGame/Content/Chase/Prototype/CPA_Hand_Whip_001.uasset" 858
"D:/ALLMYFAVORITES/Chaser/ChaserGame/Content/Chase/Prototype/CPA_Hand_Whip_001.uexp" 859
"D:/ALLMYFAVORITES/Chaser/ChaserGame/Content/Input/Zach_IM.uasset" 860
"D:/ALLMYFAVORITES/Chaser/ChaserGame/Content/Input/Zach_IM.uexp" 861
"D:/ALLMYFAVORITES/Chaser/ChaserGame/Content/Chase/HUD/Minimap.uasset" 862
"D:/ALLMYFAVORITES/Chaser/ChaserGame/Content/Chase/HUD/Minimap.uexp" 863
"D:/ALLMYFAVORITES/Chaser/ChaserGame/Content/Character/Blueprints/CID_001_Chase_Patroller_F_Default.uasset" 864
"D:/ALLMYFAVORITES/Chaser/ChaserGame/Content/Character/Blueprints/CID_001_Chase_Patroller_F_Default.uexp" 865
"D:/ALLMYFAVORITES/Chaser/ChaserGame/Content/Misc/StarterContent/Textures/T_Ground_Grass_D.uasset" 866
"D:/ALLMYFAVORITES/Chaser/ChaserGame/Content/Misc/StarterContent/Textures/T_Ground_Grass_D.uexp" 867
"D:/ALLMYFAVORITES/Chaser/ChaserGame/Content/StarterContent/Textures/T_Rock_Slate_D.uasset" 868
"D:/ALLMYFAVORITES/Chaser/ChaserGame/Content/StarterContent/Textures/T_Rock_Slate_D.uexp" 869
"D:/ALLMYFAVORITES/Chaser/ChaserGame/Content/StarterContent/Textures/T_Ground_Grass_N.uasset" 870
"D:/ALLMYFAVORITES/Chaser/ChaserGame/Content/StarterContent/Textures/T_Ground_Grass_N.uexp" 871
"../../../Engine/Content/Functions/Engine_MaterialFunctions01/AlphaBlend/WorldAlignedBlend.uasset" 872
"../../../Engine/Content/Functions/Engine_MaterialFunctions01/AlphaBlend/WorldAlignedBlend.uexp" 873
"D:/ALLMYFAVORITES/Chaser/ChaserGame/Content/StarterContent/Textures/T_MacroVariation.uasset" 874
"D:/ALLMYFAVORITES/Chaser/ChaserGame/Content/StarterContent/Textures/T_MacroVariation.uexp" 875
"D:/ALLMYFAVORITES/Chaser/ChaserGame/Content/Misc/StarterContent/Textures/T_MacroVariation.uasset" 876
"D:/ALLMYFAVORITES/Chaser/ChaserGame/Content/Misc/StarterContent/Textures/T_MacroVariation.uexp" 877
"D:/ALLMYFAVORITES/Chaser/ChaserGame/Content/Chase/Landscape/Landscape_Material.uasset" 878
"D:/ALLMYFAVORITES/Chaser/ChaserGame/Content/Chase/Landscape/Landscape_Material.uexp" 879
"D:/ALLMYFAVORITES/Chaser/ChaserGame/Content/Maps/MainMenu_Map_BuiltData.uasset" 880
"D:/ALLMYFAVORITES/Chaser/ChaserGame/Content/Maps/MainMenu_Map_BuiltData.uexp" 881
"D:/ALLMYFAVORITES/Chaser/ChaserGame/Content/Character/MainMenu/MainMenuCameraPawn.uasset" 882
"D:/ALLMYFAVORITES/Chaser/ChaserGame/Content/Character/MainMenu/MainMenuCameraPawn.uexp" 883
"D:/ALLMYFAVORITES/Chaser/ChaserGame/Content/Gamemodes/WorldAssets/Gamemodes/MainMenuGamemode.uasset" 884
"D:/ALLMYFAVORITES/Chaser/ChaserGame/Content/Gamemodes/WorldAssets/Gamemodes/MainMenuGamemode.uexp" 885
"D:/ALLMYFAVORITES/Chaser/ChaserGame/Content/Sound/Scenes/Chaser_Lobby_Music_Sad_Season_3.uasset" 886
"D:/ALLMYFAVORITES/Chaser/ChaserGame/Content/Sound/Scenes/Chaser_Lobby_Music_Sad_Season_3.uexp" 887
"D:/ALLMYFAVORITES/Chaser/ChaserGame/Content/Sound/Scenes/Chaser_Lobby_Music_Sad_Season_3_Cue.uasset" 888
"D:/ALLMYFAVORITES/Chaser/ChaserGame/Content/Sound/Scenes/Chaser_Lobby_Music_Sad_Season_3_Cue.uexp" 889
"D:/ALLMYFAVORITES/Chaser/ChaserGame/Content/Maps/Chase_Terrain_sharedassets/DarkBlue_LayerInfo.uasset" 890
"D:/ALLMYFAVORITES/Chaser/ChaserGame/Content/Maps/Chase_Terrain_sharedassets/DarkBlue_LayerInfo.uexp" 891
"../../../Engine/Content/EngineMaterials/DefaultPhysicalMaterial.uasset" 892
"../../../Engine/Content/EngineMaterials/DefaultPhysicalMaterial.uexp" 893
"D:/ALLMYFAVORITES/Chaser/ChaserGame/Content/Chase/HUD/PatchNotes.uasset" 894
"D:/ALLMYFAVORITES/Chaser/ChaserGame/Content/Chase/HUD/PatchNotes.uexp" 895
"D:/ALLMYFAVORITES/Chaser/ChaserGame/Content/Chase/HUD/CompetitiveGamemodes.uasset" 896
"D:/ALLMYFAVORITES/Chaser/ChaserGame/Content/Chase/HUD/CompetitiveGamemodes.uexp" 897
"D:/ALLMYFAVORITES/Chaser/ChaserGame/Content/Chase/HUD/PlayScreen.uasset" 898
"D:/ALLMYFAVORITES/Chaser/ChaserGame/Content/Chase/HUD/PlayScreen.uexp" 899
"D:/ALLMYFAVORITES/Chaser/ChaserGame/Content/Chase/HUD/News.uasset" 900
"D:/ALLMYFAVORITES/Chaser/ChaserGame/Content/Chase/HUD/News.uexp" 901
"D:/ALLMYFAVORITES/Chaser/ChaserGame/Content/Chase/HUD/MainMenu.uasset" 902
"D:/ALLMYFAVORITES/Chaser/ChaserGame/Content/Chase/HUD/MainMenu.uexp" 903
"D:/ALLMYFAVORITES/Chaser/ChaserGame/Content/UI/E1RTGGFTS78/Images/DevTools/Chaser_Dev_Tools_Tools_Icon.uasset" 904
"D:/ALLMYFAVORITES/Chaser/ChaserGame/Content/UI/E1RTGGFTS78/Images/DevTools/Chaser_Dev_Tools_Tools_Icon.uexp" 905
"D:/ALLMYFAVORITES/Chaser/ChaserGame/Content/Chase/HUD/DevToolsMainMenu.uasset" 906
"D:/ALLMYFAVORITES/Chaser/ChaserGame/Content/Chase/HUD/DevToolsMainMenu.uexp" 907
"D:/ALLMYFAVORITES/Chaser/ChaserGame/Content/Chase/HUD/ChoosePlayMode.uasset" 908
"D:/ALLMYFAVORITES/Chaser/ChaserGame/Content/Chase/HUD/ChoosePlayMode.uexp" 909
"D:/ALLMYFAVORITES/Chaser/ChaserGame/Content/Maps/Chase_Terrain_sharedassets/Landscape_LayerInfo.uasset" 910
"D:/ALLMYFAVORITES/Chaser/ChaserGame/Content/Maps/Chase_Terrain_sharedassets/Landscape_LayerInfo.uexp" 911
"D:/ALLMYFAVORITES/Chaser/ChaserGame/Content/Maps/MainMenu_Map.uexp" 912
"D:/ALLMYFAVORITES/Chaser/ChaserGame/Content/Maps/MainMenu_Map.umap" 913
"D:/ALLMYFAVORITES/Chaser/ChaserGame/Content/Character/MainMenu/MainMenuCamera.uasset" 914
"D:/ALLMYFAVORITES/Chaser/ChaserGame/Content/Character/MainMenu/MainMenuCamera.uexp" 915
"D:/ALLMYFAVORITES/Chaser/ChaserGame/Content/Character/MainMenu/MainMenuPawn.uasset" 916
"D:/ALLMYFAVORITES/Chaser/ChaserGame/Content/Character/MainMenu/MainMenuPawn.uexp" 917
"D:/ALLMYFAVORITES/Chaser/ChaserGame/Content/StarterContent/Textures/T_ground_Moss_D.uasset" 918
"D:/ALLMYFAVORITES/Chaser/ChaserGame/Content/StarterContent/Textures/T_ground_Moss_D.uexp" 919
"D:/ALLMYFAVORITES/Chaser/ChaserGame/Content/StarterContent/Textures/T_Perlin_Noise_M.uasset" 920
"D:/ALLMYFAVORITES/Chaser/ChaserGame/Content/StarterContent/Textures/T_Perlin_Noise_M.uexp" 921
"D:/ALLMYFAVORITES/Chaser/ChaserGame/Content/StarterContent/Textures/T_Ground_Moss_N.uasset" 922
"D:/ALLMYFAVORITES/Chaser/ChaserGame/Content/StarterContent/Textures/T_Ground_Moss_N.uexp" 923
"D:/ALLMYFAVORITES/Chaser/ChaserGame/Content/StarterContent/Materials/M_Ground_Moss.uasset" 924
"D:/ALLMYFAVORITES/Chaser/ChaserGame/Content/StarterContent/Materials/M_Ground_Moss.uexp" 925
"D:/ALLMYFAVORITES/Chaser/ChaserGame/Content/Maps/MainMenu.uexp" 926
"D:/ALLMYFAVORITES/Chaser/ChaserGame/Content/Maps/MainMenu.umap" 927
"D:/ALLMYFAVORITES/Chaser/ChaserGame/Content/Chase/Geometry/Meshes/CubeMaterial.uasset" 928
"D:/ALLMYFAVORITES/Chaser/ChaserGame/Content/Chase/Geometry/Meshes/CubeMaterial.uexp" 929
"D:/ALLMYFAVORITES/Chaser/ChaserGame/Content/Chase/Geometry/Meshes/1M_Cube.uasset" 930
"D:/ALLMYFAVORITES/Chaser/ChaserGame/Content/Chase/Geometry/Meshes/1M_Cube.uexp" 931
"D:/ALLMYFAVORITES/Chaser/ChaserGame/Content/Misc/Shapes/TestMap/Test_Map_Shape.uasset" 932
"D:/ALLMYFAVORITES/Chaser/ChaserGame/Content/Misc/Shapes/TestMap/Test_Map_Shape.uexp" 933
"../../../Engine/Content/EngineMaterials/BlendFunc_DefBlend.uasset" 934
"../../../Engine/Content/EngineMaterials/BlendFunc_DefBlend.uexp" 935
"../../../Engine/Content/EngineMaterials/BlendFunc_DefBase.uasset" 936
"../../../Engine/Content/EngineMaterials/BlendFunc_DefBase.uexp" 937
"../../../Engine/Content/Functions/Engine_MaterialFunctions03/Blends/Blend_Overlay.uasset" 938
"../../../Engine/Content/Functions/Engine_MaterialFunctions03/Blends/Blend_Overlay.uexp" 939
"../../../Engine/Content/OpenWorldTemplate/LandscapeMaterial/T_GridChecker_A.uasset" 940
"../../../Engine/Content/OpenWorldTemplate/LandscapeMaterial/T_GridChecker_A.uexp" 941
"../../../Engine/Content/Functions/Engine_MaterialFunctions01/Gradient/LinearGradient.uasset" 942
"../../../Engine/Content/Functions/Engine_MaterialFunctions01/Gradient/LinearGradient.uexp" 943
"../../../Engine/Content/Functions/Engine_MaterialFunctions01/ImageAdjustment/CheapContrast.uasset" 944
"../../../Engine/Content/Functions/Engine_MaterialFunctions01/ImageAdjustment/CheapContrast.uexp" 945
"../../../Engine/Content/OpenWorldTemplate/LandscapeMaterial/MF_ProcGrid.uasset" 946
"../../../Engine/Content/OpenWorldTemplate/LandscapeMaterial/MF_ProcGrid.uexp" 947
"../../../Engine/Content/OpenWorldTemplate/LandscapeMaterial/M_ProcGrid.uasset" 948
"../../../Engine/Content/OpenWorldTemplate/LandscapeMaterial/M_ProcGrid.uexp" 949
"../../../Engine/Content/OpenWorldTemplate/LandscapeMaterial/MI_ProcGrid.uasset" 950
"../../../Engine/Content/OpenWorldTemplate/LandscapeMaterial/MI_ProcGrid.uexp" 951
"D:/ALLMYFAVORITES/Chaser/ChaserGame/Content/Chase/HUD/YouAreSoccerPosition.uasset" 952
"D:/ALLMYFAVORITES/Chaser/ChaserGame/Content/Chase/HUD/YouAreSoccerPosition.uexp" 953
"D:/ALLMYFAVORITES/Chaser/ChaserGame/Content/Gamemodes/WorldAssets/Gamemodes/ChaserGamemode.uasset" 954
"D:/ALLMYFAVORITES/Chaser/ChaserGame/Content/Gamemodes/WorldAssets/Gamemodes/ChaserGamemode.uexp" 955
"D:/ALLMYFAVORITES/Chaser/ChaserGame/Content/Misc/Shapes/Soccer/Soccer_Ball_PM.uasset" 956
"D:/ALLMYFAVORITES/Chaser/ChaserGame/Content/Misc/Shapes/Soccer/Soccer_Ball_PM.uexp" 957
"D:/ALLMYFAVORITES/Chaser/ChaserGame/Content/Chase/HUD/WelcomeToDevTools.uasset" 958
"D:/ALLMYFAVORITES/Chaser/ChaserGame/Content/Chase/HUD/WelcomeToDevTools.uexp" 959
"../../../Engine/Content/MapTemplates/SM_Template_Map_Floor.uasset" 960
"../../../Engine/Content/MapTemplates/SM_Template_Map_Floor.uexp" 961
"D:/ALLMYFAVORITES/Chaser/ChaserGame/Content/Chase/HUD/SoccerScore.uasset" 962
"D:/ALLMYFAVORITES/Chaser/ChaserGame/Content/Chase/HUD/SoccerScore.uexp" 963
"D:/ALLMYFAVORITES/Chaser/ChaserGame/Content/Maps/Dev_Tools_Test_Map_BuiltData.uasset" 964
"D:/ALLMYFAVORITES/Chaser/ChaserGame/Content/Maps/Dev_Tools_Test_Map_BuiltData.uexp" 965
"../../../Engine/Content/EditorMeshes/ArcadeEditorSphere.uasset" 966
"../../../Engine/Content/EditorMeshes/ArcadeEditorSphere.uexp" 967
"D:/ALLMYFAVORITES/Chaser/ChaserGame/Content/Misc/Shapes/Soccer/Soccer_Ball.uasset" 968
"D:/ALLMYFAVORITES/Chaser/ChaserGame/Content/Misc/Shapes/Soccer/Soccer_Ball.uexp" 969
"D:/ALLMYFAVORITES/Chaser/ChaserGame/Content/Misc/Shapes/Soccer/Soccer_Field.uasset" 970
"D:/ALLMYFAVORITES/Chaser/ChaserGame/Content/Misc/Shapes/Soccer/Soccer_Field.uexp" 971
"D:/ALLMYFAVORITES/Chaser/ChaserGame/Content/Misc/Shapes/Soccer/Chaser_Goal.uasset" 972
"D:/ALLMYFAVORITES/Chaser/ChaserGame/Content/Misc/Shapes/Soccer/Chaser_Goal.uexp" 973
"D:/ALLMYFAVORITES/Chaser/ChaserGame/Content/Misc/Shapes/Soccer/Soccer_Goal.uasset" 974
"D:/ALLMYFAVORITES/Chaser/ChaserGame/Content/Misc/Shapes/Soccer/Soccer_Goal.uexp" 975
"D:/ALLMYFAVORITES/Chaser/ChaserGame/Content/Maps/Dev_Tools_Test_Map.uexp" 976
"D:/ALLMYFAVORITES/Chaser/ChaserGame/Content/Maps/Dev_Tools_Test_Map.umap" 977
"D:/ALLMYFAVORITES/Chaser/ChaserGame/Content/Maps/ChoosePlayModeMap_HLOD0_Instancing.uasset" 978
"D:/ALLMYFAVORITES/Chaser/ChaserGame/Content/Maps/ChoosePlayModeMap_HLOD0_Instancing.uexp" 979
"D:/ALLMYFAVORITES/Chaser/ChaserGame/Content/Maps/ChoosePlayModeMap.uexp" 980
"D:/ALLMYFAVORITES/Chaser/ChaserGame/Content/Maps/ChoosePlayModeMap.umap" 981
"D:/ALLMYFAVORITES/Chaser/ChaserGame/Content/Sound/Thunderstorm/Thunder.uasset" 982
"D:/ALLMYFAVORITES/Chaser/ChaserGame/Content/Sound/Thunderstorm/Thunder.uexp" 983
"D:/ALLMYFAVORITES/Chaser/ChaserGame/Content/Sound/Thunderstorm/Thunder_Cue.uasset" 984
"D:/ALLMYFAVORITES/Chaser/ChaserGame/Content/Sound/Thunderstorm/Thunder_Cue.uexp" 985
"D:/ALLMYFAVORITES/Chaser/ChaserGame/Content/Sound/BP/Thunder-Sound_Container.uasset" 986
"D:/ALLMYFAVORITES/Chaser/ChaserGame/Content/Sound/BP/Thunder-Sound_Container.uexp" 987
"D:/ALLMYFAVORITES/Chaser/ChaserGame/Content/UI/PS/PS_Rain.uasset" 988
"D:/ALLMYFAVORITES/Chaser/ChaserGame/Content/UI/PS/PS_Rain.uexp" 989
"D:/ALLMYFAVORITES/Chaser/ChaserGame/Content/Materials/Masters/M_Master_Glass.uasset" 990
"D:/ALLMYFAVORITES/Chaser/ChaserGame/Content/Materials/Masters/M_Master_Glass.uexp" 991
"D:/ALLMYFAVORITES/Chaser/ChaserGame/Content/AI/Objects/GlassCage/Materials/MI_GlassCage_Glass.uasset" 992
"D:/ALLMYFAVORITES/Chaser/ChaserGame/Content/AI/Objects/GlassCage/Materials/MI_GlassCage_Glass.uexp" 993
"D:/ALLMYFAVORITES/Chaser/ChaserGame/Content/AI/Objects/GlassCage/Meshes/AI_GlassCage.uasset" 994
"D:/ALLMYFAVORITES/Chaser/ChaserGame/Content/AI/Objects/GlassCage/Meshes/AI_GlassCage.uexp" 995
"D:/ALLMYFAVORITES/Chaser/ChaserGame/Content/Sound/Thunderstorm/Rain.uasset" 996
"D:/ALLMYFAVORITES/Chaser/ChaserGame/Content/Sound/Thunderstorm/Rain.uexp" 997
"D:/ALLMYFAVORITES/Chaser/ChaserGame/Content/Sound/Thunderstorm/Rain_Cue.uasset" 998
"D:/ALLMYFAVORITES/Chaser/ChaserGame/Content/Sound/Thunderstorm/Rain_Cue.uexp" 999
"D:/ALLMYFAVORITES/Chaser/ChaserGame/Content/Sound/BP/Rain-Sound_Container.uasset" 1000
"D:/ALLMYFAVORITES/Chaser/ChaserGame/Content/Sound/BP/Rain-Sound_Container.uexp" 1001
"D:/ALLMYFAVORITES/Chaser/ChaserGame/Content/Sound/Narrator/SFX_Narrator_CrawlerOutOfCage.uasset" 1002
"D:/ALLMYFAVORITES/Chaser/ChaserGame/Content/Sound/Narrator/SFX_Narrator_CrawlerOutOfCage.uexp" 1003
"D:/ALLMYFAVORITES/Chaser/ChaserGame/Content/Sound/Narrator/SFX_Narrator_CrawlerOutOfCage_Cue.uasset" 1004
"D:/ALLMYFAVORITES/Chaser/ChaserGame/Content/Sound/Narrator/SFX_Narrator_CrawlerOutOfCage_Cue.uexp" 1005
"D:/ALLMYFAVORITES/Chaser/ChaserGame/Content/Materials/Masters/M_Master_Full.uasset" 1006
"D:/ALLMYFAVORITES/Chaser/ChaserGame/Content/Materials/Masters/M_Master_Full.uexp" 1007
"D:/ALLMYFAVORITES/Chaser/ChaserGame/Content/Chase/Roads/Textures/N_C_Road.uasset" 1008
"D:/ALLMYFAVORITES/Chaser/ChaserGame/Content/Chase/Roads/Textures/N_C_Road.uexp" 1009
"D:/ALLMYFAVORITES/Chaser/ChaserGame/Content/Chase/Roads/Textures/T_C_Road.uasset" 1010
"D:/ALLMYFAVORITES/Chaser/ChaserGame/Content/Chase/Roads/Textures/T_C_Road.uexp" 1011
"D:/ALLMYFAVORITES/Chaser/ChaserGame/Content/Chase/Roads/Textures/T_C_Road_R.uasset" 1012
"D:/ALLMYFAVORITES/Chaser/ChaserGame/Content/Chase/Roads/Textures/T_C_Road_R.uexp" 1013
"D:/ALLMYFAVORITES/Chaser/ChaserGame/Content/Chase/Roads/Instanes/MI_Road.uasset" 1014
"D:/ALLMYFAVORITES/Chaser/ChaserGame/Content/Chase/Roads/Instanes/MI_Road.uexp" 1015
"D:/ALLMYFAVORITES/Chaser/ChaserGame/Content/Chase/Roads/SM_C_RoadMesh.uasset" 1016
"D:/ALLMYFAVORITES/Chaser/ChaserGame/Content/Chase/Roads/SM_C_RoadMesh.uexp" 1017
"D:/ALLMYFAVORITES/Chaser/ChaserGame/Content/Chase/Flags/Instanes/FlagPole.uasset" 1018
"D:/ALLMYFAVORITES/Chaser/ChaserGame/Content/Chase/Flags/Instanes/FlagPole.uexp" 1019
"D:/ALLMYFAVORITES/Chaser/ChaserGame/Content/Chase/Flags/Textures/T_FlagPicture.uasset" 1020
"D:/ALLMYFAVORITES/Chaser/ChaserGame/Content/Chase/Flags/Textures/T_FlagPicture.uexp" 1021
"D:/ALLMYFAVORITES/Chaser/ChaserGame/Content/Chase/Flags/FlagPicture.uasset" 1022
"D:/ALLMYFAVORITES/Chaser/ChaserGame/Content/Chase/Flags/FlagPicture.uexp" 1023
"../../../Engine/Content/EngineResources/Gray.uasset" 1024
"../../../Engine/Content/EngineResources/Gray.uexp" 1025
"D:/ALLMYFAVORITES/Chaser/ChaserGame/Content/Chase/Flags/Instanes/Flag.uasset" 1026
"D:/ALLMYFAVORITES/Chaser/ChaserGame/Content/Chase/Flags/Instanes/Flag.uexp" 1027
"D:/ALLMYFAVORITES/Chaser/ChaserGame/Content/Chase/Flags/SM_C_Flag.uasset" 1028
"D:/ALLMYFAVORITES/Chaser/ChaserGame/Content/Chase/Flags/SM_C_Flag.uexp" 1029
"D:/ALLMYFAVORITES/Chaser/ChaserGame/Content/Chase/Flags/A_C_Flag.uasset" 1030
"D:/ALLMYFAVORITES/Chaser/ChaserGame/Content/Chase/Flags/A_C_Flag.uexp" 1031
"../../../Engine/Content/MobileResources/HUD/AnalogHat.uasset" 1032
"../../../Engine/Content/MobileResources/HUD/AnalogHat.uexp" 1033
"D:/ALLMYFAVORITES/Chaser/ChaserGame/Content/Materials/Masters/M_Master_Rear_Camera.uasset" 1034
"D:/ALLMYFAVORITES/Chaser/ChaserGame/Content/Materials/Masters/M_Master_Rear_Camera.uexp" 1035
"D:/ALLMYFAVORITES/Chaser/ChaserGame/Content/Character/RearCamera/Materials/MI_MonitorCamera.uasset" 1036
"D:/ALLMYFAVORITES/Chaser/ChaserGame/Content/Character/RearCamera/Materials/MI_MonitorCamera.uexp" 1037
"../../../Engine/Content/MapTemplates/Sky/DaylightAmbientCubemap.uasset" 1038
"../../../Engine/Content/MapTemplates/Sky/DaylightAmbientCubemap.uexp" 1039
"../../../Engine/Content/Functions/Engine_MaterialFunctions02/ExampleContent/Textures/newhplaneAlphaMap.uasset" 1040
"../../../Engine/Content/Functions/Engine_MaterialFunctions02/ExampleContent/Textures/newhplaneAlphaMap.uexp" 1041
"../../../Engine/Content/Functions/Engine_MaterialFunctions02/ExampleContent/Textures/newhplaneNormalsMap.uasset" 1042
"../../../Engine/Content/Functions/Engine_MaterialFunctions02/ExampleContent/Textures/newhplaneNormalsMap.uexp" 1043
"../../../Engine/Content/Functions/Engine_MaterialFunctions02/ExampleContent/Textures/newhplaneHeightMap.uasset" 1044
"../../../Engine/Content/Functions/Engine_MaterialFunctions02/ExampleContent/Textures/newhplaneHeightMap.uexp" 1045
"../../../Engine/Content/Functions/Engine_MaterialFunctions02/Texturing/3dParticleOpacity.uasset" 1046
"../../../Engine/Content/Functions/Engine_MaterialFunctions02/Texturing/3dParticleOpacity.uexp" 1047
"../../../Engine/Content/Functions/Engine_MaterialFunctions02/ExampleContent/Textures/newhplaneLightingMap.uasset" 1048
"../../../Engine/Content/Functions/Engine_MaterialFunctions02/ExampleContent/Textures/newhplaneLightingMap.uexp" 1049
"../../../Engine/Content/Functions/Engine_MaterialFunctions02/ExampleContent/3dParticleOpacity_Mat.uasset" 1050
"../../../Engine/Content/Functions/Engine_MaterialFunctions02/ExampleContent/3dParticleOpacity_Mat.uexp" 1051
"D:/ALLMYFAVORITES/Chaser/ChaserGame/Content/Character/RearCamera/Zach_RearCameraMonitor.uasset" 1052
"D:/ALLMYFAVORITES/Chaser/ChaserGame/Content/Character/RearCamera/Zach_RearCameraMonitor.uexp" 1053
"D:/ALLMYFAVORITES/Chaser/ChaserGame/Content/Sound/Cage/SFX_CageBreak.uasset" 1054
"D:/ALLMYFAVORITES/Chaser/ChaserGame/Content/Sound/Cage/SFX_CageBreak.uexp" 1055
"D:/ALLMYFAVORITES/Chaser/ChaserGame/Content/Sound/Cage/SFX_CageBreak_Cue.uasset" 1056
"D:/ALLMYFAVORITES/Chaser/ChaserGame/Content/Sound/Cage/SFX_CageBreak_Cue.uexp" 1057
"D:/ALLMYFAVORITES/Chaser/ChaserGame/Content/Chase/Chaser_GameState.uasset" 1058
"D:/ALLMYFAVORITES/Chaser/ChaserGame/Content/Chase/Chaser_GameState.uexp" 1059
"D:/ALLMYFAVORITES/Chaser/ChaserGame/Content/Chase/Chaser_HUD.uasset" 1060
"D:/ALLMYFAVORITES/Chaser/ChaserGame/Content/Chase/Chaser_HUD.uexp" 1061
"D:/ALLMYFAVORITES/Chaser/ChaserGame/Content/Chase/Chaser_PlayerState.uasset" 1062
"D:/ALLMYFAVORITES/Chaser/ChaserGame/Content/Chase/Chaser_PlayerState.uexp" 1063
"D:/ALLMYFAVORITES/Chaser/ChaserGame/Content/Chase/Chaser_PlayerController.uasset" 1064
"D:/ALLMYFAVORITES/Chaser/ChaserGame/Content/Chase/Chaser_PlayerController.uexp" 1065
"D:/ALLMYFAVORITES/Chaser/ChaserGame/Content/Chase/Chaser_SpectatorPawn.uasset" 1066
"D:/ALLMYFAVORITES/Chaser/ChaserGame/Content/Chase/Chaser_SpectatorPawn.uexp" 1067
"D:/ALLMYFAVORITES/Chaser/ChaserGame/Content/Chase/Chaser_GameMode.uasset" 1068
"D:/ALLMYFAVORITES/Chaser/ChaserGame/Content/Chase/Chaser_GameMode.uexp" 1069
"D:/ALLMYFAVORITES/Chaser/ChaserGame/Content/Misc/StarterContent/Textures/T_Perlin_Noise_M.uasset" 1070
"D:/ALLMYFAVORITES/Chaser/ChaserGame/Content/Misc/StarterContent/Textures/T_Perlin_Noise_M.uexp" 1071
"D:/ALLMYFAVORITES/Chaser/ChaserGame/Content/Misc/StarterContent/Textures/T_Ground_Moss_N.uasset" 1072
"D:/ALLMYFAVORITES/Chaser/ChaserGame/Content/Misc/StarterContent/Textures/T_Ground_Moss_N.uexp" 1073
"D:/ALLMYFAVORITES/Chaser/ChaserGame/Content/Misc/StarterContent/Textures/T_ground_Moss_D.uasset" 1074
"D:/ALLMYFAVORITES/Chaser/ChaserGame/Content/Misc/StarterContent/Textures/T_ground_Moss_D.uexp" 1075
"D:/ALLMYFAVORITES/Chaser/ChaserGame/Content/Misc/StarterContent/Materials/M_Ground_Moss.uasset" 1076
"D:/ALLMYFAVORITES/Chaser/ChaserGame/Content/Misc/StarterContent/Materials/M_Ground_Moss.uexp" 1077
"D:/ALLMYFAVORITES/Chaser/ChaserGame/Content/Chase/Landscape/Materials/MI_Landscape.uasset" 1078
"D:/ALLMYFAVORITES/Chaser/ChaserGame/Content/Chase/Landscape/Materials/MI_Landscape.uexp" 1079
"D:/ALLMYFAVORITES/Chaser/ChaserGame/Content/Maps/Chase_Terrain_Phase2.uexp" 1080
"D:/ALLMYFAVORITES/Chaser/ChaserGame/Content/Maps/Chase_Terrain_Phase2.umap" 1081
"../../../Engine/Content/BasicShapes/Cube.uasset" 1082
"../../../Engine/Content/BasicShapes/Cube.uexp" 1083
"D:/ALLMYFAVORITES/Chaser/ChaserGame/Content/Maps/Chase_Terrain_Phase1_BuiltData.uasset" 1084
"D:/ALLMYFAVORITES/Chaser/ChaserGame/Content/Maps/Chase_Terrain_Phase1_BuiltData.uexp" 1085
"D:/ALLMYFAVORITES/Chaser/ChaserGame/Content/Misc/StarterContent/Textures/T_Ground_Grass_N.uasset" 1086
"D:/ALLMYFAVORITES/Chaser/ChaserGame/Content/Misc/StarterContent/Textures/T_Ground_Grass_N.uexp" 1087
"D:/ALLMYFAVORITES/Chaser/ChaserGame/Content/Misc/StarterContent/Materials/M_Ground_Grass.uasset" 1088
"D:/ALLMYFAVORITES/Chaser/ChaserGame/Content/Misc/StarterContent/Materials/M_Ground_Grass.uexp" 1089
"D:/ALLMYFAVORITES/Chaser/ChaserGame/Content/Maps/Chase_Terrain_Phase1.uexp" 1090
"D:/ALLMYFAVORITES/Chaser/ChaserGame/Content/Maps/Chase_Terrain_Phase1.umap" 1091
